#
# There is insufficient memory for the Java Runtime Environment to continue.
# Native memory allocation (malloc) failed to allocate 32744 bytes for ChunkPool::allocate
# Possible reasons:
#   The system is out of physical RAM or swap space
#   The process is running with CompressedOops enabled, and the Java Heap may be blocking the growth of the native heap
# Possible solutions:
#   Reduce memory load on the system
#   Increase physical memory or swap space
#   Check if swap backing store is full
#   Decrease Java heap size (-Xmx/-Xms)
#   Decrease number of Java threads
#   Decrease Java thread stack sizes (-Xss)
#   Set larger code cache with -XX:ReservedCodeCacheSize=
#   JVM is running with Unscaled Compressed Oops mode in which the Java heap is
#     placed in the first 4GB address space. The Java Heap base address is the
#     maximum limit for the native heap growth. Please use -XX:HeapBaseMinAddress
#     to set the Java Heap base and to place the Java Heap above 4GB virtual address.
# This output file may be truncated or incomplete.
#
#  Out of Memory Error (arena.cpp:78), pid=1032, tid=34108
#
# JRE version: OpenJDK Runtime Environment Microsoft-28056 (17.0.1+12) (build 17.0.1+12-LTS)
# Java VM: OpenJDK 64-Bit Server VM Microsoft-28056 (17.0.1+12-LTS, mixed mode, sharing, tiered, compressed oops, compressed class ptrs, g1 gc, windows-amd64)
# No core dump will be written. Minidumps are not enabled by default on client versions of Windows
#

---------------  S U M M A R Y ------------

Command Line: -javaagent:C:\Program Files\JetBrains\IntelliJ IDEA 2021.2.2\lib\idea_rt.jar=56145:C:\Program Files\JetBrains\IntelliJ IDEA 2021.2.2\bin -Dfile.encoding=UTF-8 yangTest

Host: Intel(R) Core(TM) i5-8250U CPU @ 1.60GHz, 8 cores, 7G,  Windows 10 , 64 bit Build 19041 (10.0.19041.1348)
Time: Thu Jan  6 13:34:36 2022  Windows 10 , 64 bit Build 19041 (10.0.19041.1348) elapsed time: 0.200486 seconds (0d 0h 0m 0s)

---------------  T H R E A D  ---------------

Current thread (0x00000192fd7acff0):  JavaThread "C1 CompilerThread0" daemon [_thread_in_native, id=34108, stack(0x000000353df00000,0x000000353e000000)]


Current CompileTask:
C1:    200  285       3       jdk.internal.org.objectweb.asm.Frame::execute (2305 bytes)

Stack: [0x000000353df00000,0x000000353e000000]
Native frames: (J=compiled Java code, j=interpreted, Vv=VM code, C=native code)
V  [jvm.dll+0x675f8a]
V  [jvm.dll+0x830c34]
V  [jvm.dll+0x8323de]
V  [jvm.dll+0x832a43]
V  [jvm.dll+0x2454a5]
V  [jvm.dll+0xabc40]
V  [jvm.dll+0xabf8c]
V  [jvm.dll+0x1755c3]
V  [jvm.dll+0x177e7c]
V  [jvm.dll+0x17a1e1]
V  [jvm.dll+0x1344c3]
V  [jvm.dll+0x133dbf]
V  [jvm.dll+0x133ff6]
V  [jvm.dll+0x13348a]
V  [jvm.dll+0x135151]
V  [jvm.dll+0x227198]
V  [jvm.dll+0x2252ec]
V  [jvm.dll+0x7e64cc]
V  [jvm.dll+0x7e0a7a]
V  [jvm.dll+0x674db5]
C  [ucrtbase.dll+0x21bb2]
C  [KERNEL32.DLL+0x17034]
C  [ntdll.dll+0x52651]


---------------  P R O C E S S  ---------------

Threads class SMR info:
_java_thread_list=0x00000192fe577c70, length=14, elements={
0x00000192ee470f10, 0x00000192fd77ce30, 0x00000192fd77f0b0, 0x00000192fd797010,
0x00000192fd797ad0, 0x00000192fd79a590, 0x00000192fd79ef50, 0x00000192fd7ab5f0,
0x00000192fd7acff0, 0x00000192fd7afde0, 0x00000192fd765d70, 0x00000192fe5c3f20,
0x00000192fe546ea0, 0x00000192fe547370
}

Java Threads: ( => current thread )
  0x00000192ee470f10 JavaThread "main" [_thread_in_vm, id=23980, stack(0x000000353d100000,0x000000353d200000)]
  0x00000192fd77ce30 JavaThread "Reference Handler" daemon [_thread_blocked, id=20812, stack(0x000000353d800000,0x000000353d900000)]
  0x00000192fd77f0b0 JavaThread "Finalizer" daemon [_thread_blocked, id=33048, stack(0x000000353d900000,0x000000353da00000)]
  0x00000192fd797010 JavaThread "Signal Dispatcher" daemon [_thread_blocked, id=36568, stack(0x000000353da00000,0x000000353db00000)]
  0x00000192fd797ad0 JavaThread "Attach Listener" daemon [_thread_blocked, id=36428, stack(0x000000353db00000,0x000000353dc00000)]
  0x00000192fd79a590 JavaThread "Service Thread" daemon [_thread_blocked, id=33156, stack(0x000000353dc00000,0x000000353dd00000)]
  0x00000192fd79ef50 JavaThread "Monitor Deflation Thread" daemon [_thread_blocked, id=35676, stack(0x000000353dd00000,0x000000353de00000)]
  0x00000192fd7ab5f0 JavaThread "C2 CompilerThread0" daemon [_thread_in_native, id=24196, stack(0x000000353de00000,0x000000353df00000)]
=>0x00000192fd7acff0 JavaThread "C1 CompilerThread0" daemon [_thread_in_native, id=34108, stack(0x000000353df00000,0x000000353e000000)]
  0x00000192fd7afde0 JavaThread "Sweeper thread" daemon [_thread_blocked, id=29224, stack(0x000000353e000000,0x000000353e100000)]
  0x00000192fd765d70 JavaThread "Common-Cleaner" daemon [_thread_blocked, id=35704, stack(0x000000353e100000,0x000000353e200000)]
  0x00000192fe5c3f20 JavaThread "C2 CompilerThread1" daemon [_thread_blocked, id=34952, stack(0x000000353e200000,0x000000353e300000)]
  0x00000192fe546ea0 JavaThread "Monitor Ctrl-Break" daemon [_thread_in_native, id=35424, stack(0x000000353e300000,0x000000353e400000)]
  0x00000192fe547370 JavaThread "Notification Thread" daemon [_thread_blocked, id=35776, stack(0x000000353e400000,0x000000353e500000)]

Other Threads:
  0x00000192fd777230 VMThread "VM Thread" [stack: 0x000000353d700000,0x000000353d800000] [id=36608]
  0x00000192ee4d3420 WatcherThread [stack: 0x000000353e500000,0x000000353e600000] [id=26728]
  0x00000192ee4ae110 GCTaskThread "GC Thread#0" [stack: 0x000000353d200000,0x000000353d300000] [id=29840]
  0x00000192ee4bfd60 ConcurrentGCThread "G1 Main Marker" [stack: 0x000000353d300000,0x000000353d400000] [id=31472]
  0x00000192ee4c0f10 ConcurrentGCThread "G1 Conc#0" [stack: 0x000000353d400000,0x000000353d500000] [id=27532]
  0x00000192ee54bf60 ConcurrentGCThread "G1 Refine#0" [stack: 0x000000353d500000,0x000000353d600000] [id=35728]
  0x00000192ee54c980 ConcurrentGCThread "G1 Service" [stack: 0x000000353d600000,0x000000353d700000] [id=30632]

Threads with active compile tasks:
C2 CompilerThread0      280  303       4       java.lang.String::length (11 bytes)
C1 CompilerThread0      281  285       3       jdk.internal.org.objectweb.asm.Frame::execute (2305 bytes)

VM state: not at safepoint (normal execution)

VM Mutex/Monitor currently owned by a thread:  ([mutex/lock_event])
[0x00000192ee4691d0] Metaspace_lock - owner thread: 0x00000192ee470f10

Heap address: 0x0000000081800000, size: 2024 MB, Compressed Oops mode: 32-bit

CDS archive(s) mapped at: [0x0000000800000000-0x0000000800bc0000-0x0000000800bc0000), size 12320768, SharedBaseAddress: 0x0000000800000000, ArchiveRelocationMode: 0.
Compressed class space mapped at: 0x0000000800c00000-0x0000000840c00000, reserved size: 1073741824
Narrow klass base: 0x0000000800000000, Narrow klass shift: 0, Narrow klass range: 0x100000000

GC Precious Log:
 CPUs: 8 total, 8 available
 Memory: 8093M
 Large Page Support: Disabled
 NUMA Support: Disabled
 Compressed Oops: Enabled (32-bit)
 Heap Region Size: 1M
 Heap Min Capacity: 8M
 Heap Initial Capacity: 128M
 Heap Max Capacity: 2024M
 Pre-touch: Disabled
 Parallel Workers: 8
 Concurrent Workers: 2
 Concurrent Refinement Workers: 8
 Periodic GC: Disabled

Heap:
 garbage-first heap   total 131072K, used 4096K [0x0000000081800000, 0x0000000100000000)
  region size 1024K, 5 young (5120K), 0 survivors (0K)
 Metaspace       used 1187K, committed 1344K, reserved 1056768K
  class space    used 103K, committed 192K, reserved 1048576K

Heap Regions: E=young(eden), S=young(survivor), O=old, HS=humongous(starts), HC=humongous(continues), CS=collection set, F=free, OA=open archive, CA=closed archive, TAMS=top-at-mark-start (previous, next)
|   0|0x0000000081800000, 0x0000000081800000, 0x0000000081900000|  0%| F|  |TAMS 0x0000000081800000, 0x0000000081800000| Untracked 
|   1|0x0000000081900000, 0x0000000081900000, 0x0000000081a00000|  0%| F|  |TAMS 0x0000000081900000, 0x0000000081900000| Untracked 
|   2|0x0000000081a00000, 0x0000000081a00000, 0x0000000081b00000|  0%| F|  |TAMS 0x0000000081a00000, 0x0000000081a00000| Untracked 
|   3|0x0000000081b00000, 0x0000000081b00000, 0x0000000081c00000|  0%| F|  |TAMS 0x0000000081b00000, 0x0000000081b00000| Untracked 
|   4|0x0000000081c00000, 0x0000000081c00000, 0x0000000081d00000|  0%| F|  |TAMS 0x0000000081c00000, 0x0000000081c00000| Untracked 
|   5|0x0000000081d00000, 0x0000000081d00000, 0x0000000081e00000|  0%| F|  |TAMS 0x0000000081d00000, 0x0000000081d00000| Untracked 
|   6|0x0000000081e00000, 0x0000000081e00000, 0x0000000081f00000|  0%| F|  |TAMS 0x0000000081e00000, 0x0000000081e00000| Untracked 
|   7|0x0000000081f00000, 0x0000000081f00000, 0x0000000082000000|  0%| F|  |TAMS 0x0000000081f00000, 0x0000000081f00000| Untracked 
|   8|0x0000000082000000, 0x0000000082000000, 0x0000000082100000|  0%| F|  |TAMS 0x0000000082000000, 0x0000000082000000| Untracked 
|   9|0x0000000082100000, 0x0000000082100000, 0x0000000082200000|  0%| F|  |TAMS 0x0000000082100000, 0x0000000082100000| Untracked 
|  10|0x0000000082200000, 0x0000000082200000, 0x0000000082300000|  0%| F|  |TAMS 0x0000000082200000, 0x0000000082200000| Untracked 
|  11|0x0000000082300000, 0x0000000082300000, 0x0000000082400000|  0%| F|  |TAMS 0x0000000082300000, 0x0000000082300000| Untracked 
|  12|0x0000000082400000, 0x0000000082400000, 0x0000000082500000|  0%| F|  |TAMS 0x0000000082400000, 0x0000000082400000| Untracked 
|  13|0x0000000082500000, 0x0000000082500000, 0x0000000082600000|  0%| F|  |TAMS 0x0000000082500000, 0x0000000082500000| Untracked 
|  14|0x0000000082600000, 0x0000000082600000, 0x0000000082700000|  0%| F|  |TAMS 0x0000000082600000, 0x0000000082600000| Untracked 
|  15|0x0000000082700000, 0x0000000082700000, 0x0000000082800000|  0%| F|  |TAMS 0x0000000082700000, 0x0000000082700000| Untracked 
|  16|0x0000000082800000, 0x0000000082800000, 0x0000000082900000|  0%| F|  |TAMS 0x0000000082800000, 0x0000000082800000| Untracked 
|  17|0x0000000082900000, 0x0000000082900000, 0x0000000082a00000|  0%| F|  |TAMS 0x0000000082900000, 0x0000000082900000| Untracked 
|  18|0x0000000082a00000, 0x0000000082a00000, 0x0000000082b00000|  0%| F|  |TAMS 0x0000000082a00000, 0x0000000082a00000| Untracked 
|  19|0x0000000082b00000, 0x0000000082b00000, 0x0000000082c00000|  0%| F|  |TAMS 0x0000000082b00000, 0x0000000082b00000| Untracked 
|  20|0x0000000082c00000, 0x0000000082c00000, 0x0000000082d00000|  0%| F|  |TAMS 0x0000000082c00000, 0x0000000082c00000| Untracked 
|  21|0x0000000082d00000, 0x0000000082d00000, 0x0000000082e00000|  0%| F|  |TAMS 0x0000000082d00000, 0x0000000082d00000| Untracked 
|  22|0x0000000082e00000, 0x0000000082e00000, 0x0000000082f00000|  0%| F|  |TAMS 0x0000000082e00000, 0x0000000082e00000| Untracked 
|  23|0x0000000082f00000, 0x0000000082f00000, 0x0000000083000000|  0%| F|  |TAMS 0x0000000082f00000, 0x0000000082f00000| Untracked 
|  24|0x0000000083000000, 0x0000000083000000, 0x0000000083100000|  0%| F|  |TAMS 0x0000000083000000, 0x0000000083000000| Untracked 
|  25|0x0000000083100000, 0x0000000083100000, 0x0000000083200000|  0%| F|  |TAMS 0x0000000083100000, 0x0000000083100000| Untracked 
|  26|0x0000000083200000, 0x0000000083200000, 0x0000000083300000|  0%| F|  |TAMS 0x0000000083200000, 0x0000000083200000| Untracked 
|  27|0x0000000083300000, 0x0000000083300000, 0x0000000083400000|  0%| F|  |TAMS 0x0000000083300000, 0x0000000083300000| Untracked 
|  28|0x0000000083400000, 0x0000000083400000, 0x0000000083500000|  0%| F|  |TAMS 0x0000000083400000, 0x0000000083400000| Untracked 
|  29|0x0000000083500000, 0x0000000083500000, 0x0000000083600000|  0%| F|  |TAMS 0x0000000083500000, 0x0000000083500000| Untracked 
|  30|0x0000000083600000, 0x0000000083600000, 0x0000000083700000|  0%| F|  |TAMS 0x0000000083600000, 0x0000000083600000| Untracked 
|  31|0x0000000083700000, 0x0000000083700000, 0x0000000083800000|  0%| F|  |TAMS 0x0000000083700000, 0x0000000083700000| Untracked 
|  32|0x0000000083800000, 0x0000000083800000, 0x0000000083900000|  0%| F|  |TAMS 0x0000000083800000, 0x0000000083800000| Untracked 
|  33|0x0000000083900000, 0x0000000083900000, 0x0000000083a00000|  0%| F|  |TAMS 0x0000000083900000, 0x0000000083900000| Untracked 
|  34|0x0000000083a00000, 0x0000000083a00000, 0x0000000083b00000|  0%| F|  |TAMS 0x0000000083a00000, 0x0000000083a00000| Untracked 
|  35|0x0000000083b00000, 0x0000000083b00000, 0x0000000083c00000|  0%| F|  |TAMS 0x0000000083b00000, 0x0000000083b00000| Untracked 
|  36|0x0000000083c00000, 0x0000000083c00000, 0x0000000083d00000|  0%| F|  |TAMS 0x0000000083c00000, 0x0000000083c00000| Untracked 
|  37|0x0000000083d00000, 0x0000000083d00000, 0x0000000083e00000|  0%| F|  |TAMS 0x0000000083d00000, 0x0000000083d00000| Untracked 
|  38|0x0000000083e00000, 0x0000000083e00000, 0x0000000083f00000|  0%| F|  |TAMS 0x0000000083e00000, 0x0000000083e00000| Untracked 
|  39|0x0000000083f00000, 0x0000000083f00000, 0x0000000084000000|  0%| F|  |TAMS 0x0000000083f00000, 0x0000000083f00000| Untracked 
|  40|0x0000000084000000, 0x0000000084000000, 0x0000000084100000|  0%| F|  |TAMS 0x0000000084000000, 0x0000000084000000| Untracked 
|  41|0x0000000084100000, 0x0000000084100000, 0x0000000084200000|  0%| F|  |TAMS 0x0000000084100000, 0x0000000084100000| Untracked 
|  42|0x0000000084200000, 0x0000000084200000, 0x0000000084300000|  0%| F|  |TAMS 0x0000000084200000, 0x0000000084200000| Untracked 
|  43|0x0000000084300000, 0x0000000084300000, 0x0000000084400000|  0%| F|  |TAMS 0x0000000084300000, 0x0000000084300000| Untracked 
|  44|0x0000000084400000, 0x0000000084400000, 0x0000000084500000|  0%| F|  |TAMS 0x0000000084400000, 0x0000000084400000| Untracked 
|  45|0x0000000084500000, 0x0000000084500000, 0x0000000084600000|  0%| F|  |TAMS 0x0000000084500000, 0x0000000084500000| Untracked 
|  46|0x0000000084600000, 0x0000000084600000, 0x0000000084700000|  0%| F|  |TAMS 0x0000000084600000, 0x0000000084600000| Untracked 
|  47|0x0000000084700000, 0x0000000084700000, 0x0000000084800000|  0%| F|  |TAMS 0x0000000084700000, 0x0000000084700000| Untracked 
|  48|0x0000000084800000, 0x0000000084800000, 0x0000000084900000|  0%| F|  |TAMS 0x0000000084800000, 0x0000000084800000| Untracked 
|  49|0x0000000084900000, 0x0000000084900000, 0x0000000084a00000|  0%| F|  |TAMS 0x0000000084900000, 0x0000000084900000| Untracked 
|  50|0x0000000084a00000, 0x0000000084a00000, 0x0000000084b00000|  0%| F|  |TAMS 0x0000000084a00000, 0x0000000084a00000| Untracked 
|  51|0x0000000084b00000, 0x0000000084b00000, 0x0000000084c00000|  0%| F|  |TAMS 0x0000000084b00000, 0x0000000084b00000| Untracked 
|  52|0x0000000084c00000, 0x0000000084c00000, 0x0000000084d00000|  0%| F|  |TAMS 0x0000000084c00000, 0x0000000084c00000| Untracked 
|  53|0x0000000084d00000, 0x0000000084d00000, 0x0000000084e00000|  0%| F|  |TAMS 0x0000000084d00000, 0x0000000084d00000| Untracked 
|  54|0x0000000084e00000, 0x0000000084e00000, 0x0000000084f00000|  0%| F|  |TAMS 0x0000000084e00000, 0x0000000084e00000| Untracked 
|  55|0x0000000084f00000, 0x0000000084f00000, 0x0000000085000000|  0%| F|  |TAMS 0x0000000084f00000, 0x0000000084f00000| Untracked 
|  56|0x0000000085000000, 0x0000000085000000, 0x0000000085100000|  0%| F|  |TAMS 0x0000000085000000, 0x0000000085000000| Untracked 
|  57|0x0000000085100000, 0x0000000085100000, 0x0000000085200000|  0%| F|  |TAMS 0x0000000085100000, 0x0000000085100000| Untracked 
|  58|0x0000000085200000, 0x0000000085200000, 0x0000000085300000|  0%| F|  |TAMS 0x0000000085200000, 0x0000000085200000| Untracked 
|  59|0x0000000085300000, 0x0000000085300000, 0x0000000085400000|  0%| F|  |TAMS 0x0000000085300000, 0x0000000085300000| Untracked 
|  60|0x0000000085400000, 0x0000000085400000, 0x0000000085500000|  0%| F|  |TAMS 0x0000000085400000, 0x0000000085400000| Untracked 
|  61|0x0000000085500000, 0x0000000085500000, 0x0000000085600000|  0%| F|  |TAMS 0x0000000085500000, 0x0000000085500000| Untracked 
|  62|0x0000000085600000, 0x0000000085600000, 0x0000000085700000|  0%| F|  |TAMS 0x0000000085600000, 0x0000000085600000| Untracked 
|  63|0x0000000085700000, 0x0000000085700000, 0x0000000085800000|  0%| F|  |TAMS 0x0000000085700000, 0x0000000085700000| Untracked 
|  64|0x0000000085800000, 0x0000000085800000, 0x0000000085900000|  0%| F|  |TAMS 0x0000000085800000, 0x0000000085800000| Untracked 
|  65|0x0000000085900000, 0x0000000085900000, 0x0000000085a00000|  0%| F|  |TAMS 0x0000000085900000, 0x0000000085900000| Untracked 
|  66|0x0000000085a00000, 0x0000000085a00000, 0x0000000085b00000|  0%| F|  |TAMS 0x0000000085a00000, 0x0000000085a00000| Untracked 
|  67|0x0000000085b00000, 0x0000000085b00000, 0x0000000085c00000|  0%| F|  |TAMS 0x0000000085b00000, 0x0000000085b00000| Untracked 
|  68|0x0000000085c00000, 0x0000000085c00000, 0x0000000085d00000|  0%| F|  |TAMS 0x0000000085c00000, 0x0000000085c00000| Untracked 
|  69|0x0000000085d00000, 0x0000000085d00000, 0x0000000085e00000|  0%| F|  |TAMS 0x0000000085d00000, 0x0000000085d00000| Untracked 
|  70|0x0000000085e00000, 0x0000000085e00000, 0x0000000085f00000|  0%| F|  |TAMS 0x0000000085e00000, 0x0000000085e00000| Untracked 
|  71|0x0000000085f00000, 0x0000000085f00000, 0x0000000086000000|  0%| F|  |TAMS 0x0000000085f00000, 0x0000000085f00000| Untracked 
|  72|0x0000000086000000, 0x0000000086000000, 0x0000000086100000|  0%| F|  |TAMS 0x0000000086000000, 0x0000000086000000| Untracked 
|  73|0x0000000086100000, 0x0000000086100000, 0x0000000086200000|  0%| F|  |TAMS 0x0000000086100000, 0x0000000086100000| Untracked 
|  74|0x0000000086200000, 0x0000000086200000, 0x0000000086300000|  0%| F|  |TAMS 0x0000000086200000, 0x0000000086200000| Untracked 
|  75|0x0000000086300000, 0x0000000086300000, 0x0000000086400000|  0%| F|  |TAMS 0x0000000086300000, 0x0000000086300000| Untracked 
|  76|0x0000000086400000, 0x0000000086400000, 0x0000000086500000|  0%| F|  |TAMS 0x0000000086400000, 0x0000000086400000| Untracked 
|  77|0x0000000086500000, 0x0000000086500000, 0x0000000086600000|  0%| F|  |TAMS 0x0000000086500000, 0x0000000086500000| Untracked 
|  78|0x0000000086600000, 0x0000000086600000, 0x0000000086700000|  0%| F|  |TAMS 0x0000000086600000, 0x0000000086600000| Untracked 
|  79|0x0000000086700000, 0x0000000086700000, 0x0000000086800000|  0%| F|  |TAMS 0x0000000086700000, 0x0000000086700000| Untracked 
|  80|0x0000000086800000, 0x0000000086800000, 0x0000000086900000|  0%| F|  |TAMS 0x0000000086800000, 0x0000000086800000| Untracked 
|  81|0x0000000086900000, 0x0000000086900000, 0x0000000086a00000|  0%| F|  |TAMS 0x0000000086900000, 0x0000000086900000| Untracked 
|  82|0x0000000086a00000, 0x0000000086a00000, 0x0000000086b00000|  0%| F|  |TAMS 0x0000000086a00000, 0x0000000086a00000| Untracked 
|  83|0x0000000086b00000, 0x0000000086b00000, 0x0000000086c00000|  0%| F|  |TAMS 0x0000000086b00000, 0x0000000086b00000| Untracked 
|  84|0x0000000086c00000, 0x0000000086c00000, 0x0000000086d00000|  0%| F|  |TAMS 0x0000000086c00000, 0x0000000086c00000| Untracked 
|  85|0x0000000086d00000, 0x0000000086d00000, 0x0000000086e00000|  0%| F|  |TAMS 0x0000000086d00000, 0x0000000086d00000| Untracked 
|  86|0x0000000086e00000, 0x0000000086e00000, 0x0000000086f00000|  0%| F|  |TAMS 0x0000000086e00000, 0x0000000086e00000| Untracked 
|  87|0x0000000086f00000, 0x0000000086f00000, 0x0000000087000000|  0%| F|  |TAMS 0x0000000086f00000, 0x0000000086f00000| Untracked 
|  88|0x0000000087000000, 0x0000000087000000, 0x0000000087100000|  0%| F|  |TAMS 0x0000000087000000, 0x0000000087000000| Untracked 
|  89|0x0000000087100000, 0x0000000087100000, 0x0000000087200000|  0%| F|  |TAMS 0x0000000087100000, 0x0000000087100000| Untracked 
|  90|0x0000000087200000, 0x0000000087200000, 0x0000000087300000|  0%| F|  |TAMS 0x0000000087200000, 0x0000000087200000| Untracked 
|  91|0x0000000087300000, 0x0000000087300000, 0x0000000087400000|  0%| F|  |TAMS 0x0000000087300000, 0x0000000087300000| Untracked 
|  92|0x0000000087400000, 0x0000000087400000, 0x0000000087500000|  0%| F|  |TAMS 0x0000000087400000, 0x0000000087400000| Untracked 
|  93|0x0000000087500000, 0x0000000087500000, 0x0000000087600000|  0%| F|  |TAMS 0x0000000087500000, 0x0000000087500000| Untracked 
|  94|0x0000000087600000, 0x0000000087600000, 0x0000000087700000|  0%| F|  |TAMS 0x0000000087600000, 0x0000000087600000| Untracked 
|  95|0x0000000087700000, 0x0000000087700000, 0x0000000087800000|  0%| F|  |TAMS 0x0000000087700000, 0x0000000087700000| Untracked 
|  96|0x0000000087800000, 0x0000000087800000, 0x0000000087900000|  0%| F|  |TAMS 0x0000000087800000, 0x0000000087800000| Untracked 
|  97|0x0000000087900000, 0x0000000087900000, 0x0000000087a00000|  0%| F|  |TAMS 0x0000000087900000, 0x0000000087900000| Untracked 
|  98|0x0000000087a00000, 0x0000000087a00000, 0x0000000087b00000|  0%| F|  |TAMS 0x0000000087a00000, 0x0000000087a00000| Untracked 
|  99|0x0000000087b00000, 0x0000000087b00000, 0x0000000087c00000|  0%| F|  |TAMS 0x0000000087b00000, 0x0000000087b00000| Untracked 
| 100|0x0000000087c00000, 0x0000000087c00000, 0x0000000087d00000|  0%| F|  |TAMS 0x0000000087c00000, 0x0000000087c00000| Untracked 
| 101|0x0000000087d00000, 0x0000000087d00000, 0x0000000087e00000|  0%| F|  |TAMS 0x0000000087d00000, 0x0000000087d00000| Untracked 
| 102|0x0000000087e00000, 0x0000000087e00000, 0x0000000087f00000|  0%| F|  |TAMS 0x0000000087e00000, 0x0000000087e00000| Untracked 
| 103|0x0000000087f00000, 0x0000000087f00000, 0x0000000088000000|  0%| F|  |TAMS 0x0000000087f00000, 0x0000000087f00000| Untracked 
| 104|0x0000000088000000, 0x0000000088000000, 0x0000000088100000|  0%| F|  |TAMS 0x0000000088000000, 0x0000000088000000| Untracked 
| 105|0x0000000088100000, 0x0000000088100000, 0x0000000088200000|  0%| F|  |TAMS 0x0000000088100000, 0x0000000088100000| Untracked 
| 106|0x0000000088200000, 0x0000000088200000, 0x0000000088300000|  0%| F|  |TAMS 0x0000000088200000, 0x0000000088200000| Untracked 
| 107|0x0000000088300000, 0x0000000088300000, 0x0000000088400000|  0%| F|  |TAMS 0x0000000088300000, 0x0000000088300000| Untracked 
| 108|0x0000000088400000, 0x0000000088400000, 0x0000000088500000|  0%| F|  |TAMS 0x0000000088400000, 0x0000000088400000| Untracked 
| 109|0x0000000088500000, 0x0000000088500000, 0x0000000088600000|  0%| F|  |TAMS 0x0000000088500000, 0x0000000088500000| Untracked 
| 110|0x0000000088600000, 0x0000000088600000, 0x0000000088700000|  0%| F|  |TAMS 0x0000000088600000, 0x0000000088600000| Untracked 
| 111|0x0000000088700000, 0x0000000088700000, 0x0000000088800000|  0%| F|  |TAMS 0x0000000088700000, 0x0000000088700000| Untracked 
| 112|0x0000000088800000, 0x0000000088800000, 0x0000000088900000|  0%| F|  |TAMS 0x0000000088800000, 0x0000000088800000| Untracked 
| 113|0x0000000088900000, 0x0000000088900000, 0x0000000088a00000|  0%| F|  |TAMS 0x0000000088900000, 0x0000000088900000| Untracked 
| 114|0x0000000088a00000, 0x0000000088a00000, 0x0000000088b00000|  0%| F|  |TAMS 0x0000000088a00000, 0x0000000088a00000| Untracked 
| 115|0x0000000088b00000, 0x0000000088b00000, 0x0000000088c00000|  0%| F|  |TAMS 0x0000000088b00000, 0x0000000088b00000| Untracked 
| 116|0x0000000088c00000, 0x0000000088c00000, 0x0000000088d00000|  0%| F|  |TAMS 0x0000000088c00000, 0x0000000088c00000| Untracked 
| 117|0x0000000088d00000, 0x0000000088d00000, 0x0000000088e00000|  0%| F|  |TAMS 0x0000000088d00000, 0x0000000088d00000| Untracked 
| 118|0x0000000088e00000, 0x0000000088e00000, 0x0000000088f00000|  0%| F|  |TAMS 0x0000000088e00000, 0x0000000088e00000| Untracked 
| 119|0x0000000088f00000, 0x0000000088f00000, 0x0000000089000000|  0%| F|  |TAMS 0x0000000088f00000, 0x0000000088f00000| Untracked 
| 120|0x0000000089000000, 0x0000000089000000, 0x0000000089100000|  0%| F|  |TAMS 0x0000000089000000, 0x0000000089000000| Untracked 
| 121|0x0000000089100000, 0x0000000089100000, 0x0000000089200000|  0%| F|  |TAMS 0x0000000089100000, 0x0000000089100000| Untracked 
| 122|0x0000000089200000, 0x0000000089200000, 0x0000000089300000|  0%| F|  |TAMS 0x0000000089200000, 0x0000000089200000| Untracked 
| 123|0x0000000089300000, 0x00000000893767b0, 0x0000000089400000| 46%| E|  |TAMS 0x0000000089300000, 0x0000000089300000| Complete 
| 124|0x0000000089400000, 0x0000000089500000, 0x0000000089500000|100%| E|CS|TAMS 0x0000000089400000, 0x0000000089400000| Complete 
| 125|0x0000000089500000, 0x0000000089600000, 0x0000000089600000|100%| E|CS|TAMS 0x0000000089500000, 0x0000000089500000| Complete 
| 126|0x0000000089600000, 0x0000000089700000, 0x0000000089700000|100%| E|CS|TAMS 0x0000000089600000, 0x0000000089600000| Complete 
| 127|0x0000000089700000, 0x0000000089800000, 0x0000000089800000|100%| E|CS|TAMS 0x0000000089700000, 0x0000000089700000| Complete 

Card table byte_map: [0x00000192f6670000,0x00000192f6a70000] _byte_map_base: 0x00000192f6264000

Marking Bits (Prev, Next): (CMBitMap*) 0x00000192ee4af730, (CMBitMap*) 0x00000192ee4af770
 Prev Bits: [0x00000192f6e70000, 0x00000192f8e10000)
 Next Bits: [0x00000192f8e10000, 0x00000192fadb0000)

Polling page: 0x00000192edc50000

Metaspace:

Usage:
  Non-class:      1.06 MB used.
      Class:    103.12 KB used.
       Both:      1.16 MB used.

Virtual space:
  Non-class space:        8.00 MB reserved,       1.12 MB ( 14%) committed,  1 nodes.
      Class space:        1.00 GB reserved,     192.00 KB ( <1%) committed,  1 nodes.
             Both:        1.01 GB reserved,       1.31 MB ( <1%) committed. 

Chunk freelists:
   Non-Class:  3.85 MB
       Class:  3.71 MB
        Both:  7.57 MB

MaxMetaspaceSize: unlimited
CompressedClassSpaceSize: 1.00 GB
Initial GC threshold: 21.00 MB
Current GC threshold: 21.00 MB
CDS: on
MetaspaceReclaimPolicy: balanced
 - commit_granule_bytes: 65536.
 - commit_granule_words: 8192.
 - virtual_space_node_default_size: 1048576.
 - enlarge_chunks_in_place: 1.
 - new_chunks_are_fully_committed: 0.
 - uncommit_free_chunks: 1.
 - use_allocation_guard: 0.
 - handle_deallocations: 1.


Internal statistics:

num_allocs_failed_limit: 0.
num_arena_births: 48.
num_arena_deaths: 0.
num_vsnodes_births: 2.
num_vsnodes_deaths: 0.
num_space_committed: 21.
num_space_uncommitted: 0.
num_chunks_returned_to_freelist: 0.
num_chunks_taken_from_freelist: 61.
num_chunk_merges: 0.
num_chunk_splits: 40.
num_chunks_enlarged: 25.
num_purges: 0.
num_inconsistent_stats: 0.

CodeHeap 'non-profiled nmethods': size=120000Kb used=107Kb max_used=107Kb free=119892Kb
 bounds [0x0000019287ad0000, 0x0000019287d40000, 0x000001928f000000]
CodeHeap 'profiled nmethods': size=120000Kb used=312Kb max_used=312Kb free=119687Kb
 bounds [0x00000192805a0000, 0x0000019280810000, 0x0000019287ad0000]
CodeHeap 'non-nmethods': size=5760Kb used=1127Kb max_used=1141Kb free=4632Kb
 bounds [0x0000019280000000, 0x0000019280270000, 0x00000192805a0000]
 total_blobs=712 nmethods=302 adapters=323
 compilation: enabled
              stopped_count=0, restarted_count=0
 full_count=0

Compilation events (20 events):
Event: 0.190 Thread 0x00000192fd7acff0 nmethod 269 0x00000192805ec110 code [0x00000192805ec2a0, 0x00000192805ec478]
Event: 0.190 Thread 0x00000192fd7acff0  267       1       java.lang.invoke.MethodTypeForm::parameterSlotCount (5 bytes)
Event: 0.190 Thread 0x00000192fd7acff0 nmethod 267 0x0000019287ae5c90 code [0x0000019287ae5e20, 0x0000019287ae5ef8]
Event: 0.190 Thread 0x00000192fd7acff0  268       1       java.lang.invoke.MethodTypeForm::erasedType (5 bytes)
Event: 0.190 Thread 0x00000192fd7acff0 nmethod 268 0x0000019287ae5f90 code [0x0000019287ae6120, 0x0000019287ae61f8]
Event: 0.190 Thread 0x00000192fd7acff0  273       1       sun.invoke.util.Wrapper::basicTypeChar (5 bytes)
Event: 0.190 Thread 0x00000192fd7acff0 nmethod 273 0x0000019287ae6290 code [0x0000019287ae6420, 0x0000019287ae64f8]
Event: 0.191 Thread 0x00000192fd7ab5f0  275       4       java.util.Objects::requireNonNull (14 bytes)
Event: 0.191 Thread 0x00000192fd7acff0  279       3       java.lang.reflect.Modifier::isStatic (13 bytes)
Event: 0.191 Thread 0x00000192fd7ab5f0 nmethod 275 0x0000019287ae7190 code [0x0000019287ae7300, 0x0000019287ae7378]
Event: 0.191 Thread 0x00000192fd7acff0 nmethod 279 0x00000192805ec510 code [0x00000192805ec6a0, 0x00000192805ec7f8]
Event: 0.191 Thread 0x00000192fd7acff0  280       3       java.lang.invoke.MemberName::isStatic (8 bytes)
Event: 0.191 Thread 0x00000192fd7acff0 nmethod 280 0x00000192805ec890 code [0x00000192805eca20, 0x00000192805ecbf8]
Event: 0.191 Thread 0x00000192fd7acff0  282       3       jdk.internal.org.objectweb.asm.ByteVector::putByte (39 bytes)
Event: 0.192 Thread 0x00000192fd7acff0 nmethod 282 0x00000192805ecc90 code [0x00000192805ece40, 0x00000192805ed028]
Event: 0.192 Thread 0x00000192fd7acff0  283       3       jdk.internal.org.objectweb.asm.SymbolTable::addConstantUtf8 (98 bytes)
Event: 0.192 Thread 0x00000192fd7acff0 nmethod 283 0x00000192805ed190 code [0x00000192805ed3c0, 0x00000192805ed9b8]
Event: 0.192 Thread 0x00000192fd7acff0  287       3       java.lang.Number::<init> (5 bytes)
Event: 0.192 Thread 0x00000192fd7acff0 nmethod 287 0x00000192805edd10 code [0x00000192805edea0, 0x00000192805edff8]
Event: 0.192 Thread 0x00000192fd7acff0  285       3       jdk.internal.org.objectweb.asm.Frame::execute (2305 bytes)

GC Heap History (0 events):
No events

Deoptimization events (16 events):
Event: 0.143 Thread 0x00000192ee470f10 Uncommon trap: trap_request=0xffffffde fr.pc=0x0000019287adc3b8 relative=0x0000000000000858
Event: 0.143 Thread 0x00000192ee470f10 Uncommon trap: reason=class_check action=maybe_recompile pc=0x0000019287adc3b8 method=java.util.HashMap.putVal(ILjava/lang/Object;Ljava/lang/Object;ZZ)Ljava/lang/Object; @ 152 c2
Event: 0.143 Thread 0x00000192ee470f10 DEOPT PACKING pc=0x0000019287adc3b8 sp=0x000000353d1fe760
Event: 0.144 Thread 0x00000192ee470f10 DEOPT UNPACKING pc=0x00000192800523a3 sp=0x000000353d1fe6e0 mode 2
Event: 0.160 Thread 0x00000192ee470f10 Uncommon trap: trap_request=0xffffffde fr.pc=0x0000019287adc3b8 relative=0x0000000000000858
Event: 0.160 Thread 0x00000192ee470f10 Uncommon trap: reason=class_check action=maybe_recompile pc=0x0000019287adc3b8 method=java.util.HashMap.putVal(ILjava/lang/Object;Ljava/lang/Object;ZZ)Ljava/lang/Object; @ 152 c2
Event: 0.160 Thread 0x00000192ee470f10 DEOPT PACKING pc=0x0000019287adc3b8 sp=0x000000353d1fd290
Event: 0.160 Thread 0x00000192ee470f10 DEOPT UNPACKING pc=0x00000192800523a3 sp=0x000000353d1fd210 mode 2
Event: 0.160 Thread 0x00000192ee470f10 Uncommon trap: trap_request=0xffffffde fr.pc=0x0000019287adc3b8 relative=0x0000000000000858
Event: 0.160 Thread 0x00000192ee470f10 Uncommon trap: reason=class_check action=maybe_recompile pc=0x0000019287adc3b8 method=java.util.HashMap.putVal(ILjava/lang/Object;Ljava/lang/Object;ZZ)Ljava/lang/Object; @ 152 c2
Event: 0.160 Thread 0x00000192ee470f10 DEOPT PACKING pc=0x0000019287adc3b8 sp=0x000000353d1fd290
Event: 0.160 Thread 0x00000192ee470f10 DEOPT UNPACKING pc=0x00000192800523a3 sp=0x000000353d1fd210 mode 2
Event: 0.160 Thread 0x00000192ee470f10 Uncommon trap: trap_request=0xffffffde fr.pc=0x0000019287adc3b8 relative=0x0000000000000858
Event: 0.160 Thread 0x00000192ee470f10 Uncommon trap: reason=class_check action=maybe_recompile pc=0x0000019287adc3b8 method=java.util.HashMap.putVal(ILjava/lang/Object;Ljava/lang/Object;ZZ)Ljava/lang/Object; @ 152 c2
Event: 0.160 Thread 0x00000192ee470f10 DEOPT PACKING pc=0x0000019287adc3b8 sp=0x000000353d1fd290
Event: 0.160 Thread 0x00000192ee470f10 DEOPT UNPACKING pc=0x00000192800523a3 sp=0x000000353d1fd210 mode 2

Classes unloaded (0 events):
No events

Classes redefined (0 events):
No events

Internal exceptions (2 events):
Event: 0.161 Thread 0x00000192fe546ea0 Exception <a 'java/lang/NoSuchMethodError'{0x0000000089404bd0}: 'java.lang.Object java.lang.invoke.DirectMethodHandle$Holder.invokeStaticInit(java.lang.Object)'> (0x0000000089404bd0) 
thrown [d:\a\1\jdk\src\hotspot\share\interpreter\linkResolver.cpp, line 766]
Event: 0.172 Thread 0x00000192fe546ea0 Exception <a 'java/lang/NoSuchMethodError'{0x0000000089412db0}: 'void java.lang.invoke.DirectMethodHandle$Holder.invokeStatic(java.lang.Object, java.lang.Object)'> (0x0000000089412db0) 
thrown [d:\a\1\jdk\src\hotspot\share\interpreter\linkResolver.cpp, line 766]

VM Operations (4 events):
Event: 0.087 Executing VM operation: HandshakeAllThreads
Event: 0.087 Executing VM operation: HandshakeAllThreads done
Event: 0.159 Executing VM operation: HandshakeAllThreads
Event: 0.159 Executing VM operation: HandshakeAllThreads done

Events (20 events):
Event: 0.178 loading class sun/nio/ch/Util
Event: 0.178 loading class sun/nio/ch/Util done
Event: 0.179 loading class sun/nio/ch/Util$1
Event: 0.179 loading class sun/nio/ch/Util$1 done
Event: 0.179 loading class sun/nio/ch/Util$BufferCache
Event: 0.179 loading class sun/nio/ch/Util$BufferCache done
Event: 0.179 loading class java/nio/DirectByteBuffer$Deallocator
Event: 0.179 loading class java/nio/DirectByteBuffer$Deallocator done
Event: 0.181 loading class java/io/StringReader
Event: 0.182 loading class java/io/StringReader done
Event: 0.182 loading class org/xml/sax/ErrorHandler
Event: 0.182 loading class org/xml/sax/ErrorHandler done
Event: 0.183 loading class org/xml/sax/SAXException
Event: 0.183 loading class org/xml/sax/SAXException done
Event: 0.183 loading class javax/xml/xpath/XPathFactory
Event: 0.183 loading class javax/xml/xpath/XPathFactory done
Event: 0.183 loading class jdk/xml/internal/SecuritySupport
Event: 0.183 loading class jdk/xml/internal/SecuritySupport done
Event: 0.184 loading class javax/xml/xpath/XPathFactoryFinder
Event: 0.184 loading class javax/xml/xpath/XPathFactoryFinder done


Dynamic libraries:
0x00007ff7cc730000 - 0x00007ff7cc73e000 	C:\JAVA\microsoft-jdk-17.0.1.12.1-windows-x64\jdk-17.0.1+12\bin\java.exe
0x00007ffe5cf90000 - 0x00007ffe5d185000 	C:\WINDOWS\SYSTEM32\ntdll.dll
0x00007ffe5c660000 - 0x00007ffe5c71e000 	C:\WINDOWS\System32\KERNEL32.DLL
0x00007ffe5ab70000 - 0x00007ffe5ae38000 	C:\WINDOWS\System32\KERNELBASE.dll
0x00007ffe5a960000 - 0x00007ffe5aa60000 	C:\WINDOWS\System32\ucrtbase.dll
0x00007ffe545d0000 - 0x00007ffe545eb000 	C:\JAVA\microsoft-jdk-17.0.1.12.1-windows-x64\jdk-17.0.1+12\bin\VCRUNTIME140.dll
0x00007ffe545b0000 - 0x00007ffe545c8000 	C:\JAVA\microsoft-jdk-17.0.1.12.1-windows-x64\jdk-17.0.1+12\bin\jli.dll
0x00007ffe5c480000 - 0x00007ffe5c621000 	C:\WINDOWS\System32\USER32.dll
0x00007ffe5afa0000 - 0x00007ffe5afc2000 	C:\WINDOWS\System32\win32u.dll
0x00007ffe5b4e0000 - 0x00007ffe5b50b000 	C:\WINDOWS\System32\GDI32.dll
0x00007ffe5aa60000 - 0x00007ffe5ab6d000 	C:\WINDOWS\System32\gdi32full.dll
0x00007ffe41070000 - 0x00007ffe4130a000 	C:\WINDOWS\WinSxS\amd64_microsoft.windows.common-controls_6595b64144ccf1df_6.0.19041.1110_none_60b5254171f9507e\COMCTL32.dll
0x00007ffe5a700000 - 0x00007ffe5a79d000 	C:\WINDOWS\System32\msvcp_win.dll
0x00007ffe5b770000 - 0x00007ffe5b80e000 	C:\WINDOWS\System32\msvcrt.dll
0x00007ffe5c630000 - 0x00007ffe5c660000 	C:\WINDOWS\System32\IMM32.DLL
0x00007ffe55810000 - 0x00007ffe5581c000 	C:\JAVA\microsoft-jdk-17.0.1.12.1-windows-x64\jdk-17.0.1+12\bin\vcruntime140_1.dll
0x00007ffe54130000 - 0x00007ffe541bd000 	C:\JAVA\microsoft-jdk-17.0.1.12.1-windows-x64\jdk-17.0.1+12\bin\msvcp140.dll
0x00007ffe171f0000 - 0x00007ffe17e49000 	C:\JAVA\microsoft-jdk-17.0.1.12.1-windows-x64\jdk-17.0.1+12\bin\server\jvm.dll
0x00007ffe5b430000 - 0x00007ffe5b4dc000 	C:\WINDOWS\System32\ADVAPI32.dll
0x00007ffe5b030000 - 0x00007ffe5b0cb000 	C:\WINDOWS\System32\sechost.dll
0x00007ffe5bcc0000 - 0x00007ffe5bdea000 	C:\WINDOWS\System32\RPCRT4.dll
0x00007ffe5b760000 - 0x00007ffe5b768000 	C:\WINDOWS\System32\PSAPI.DLL
0x00007ffe543b0000 - 0x00007ffe543ba000 	C:\WINDOWS\SYSTEM32\VERSION.dll
0x00007ffe58300000 - 0x00007ffe58327000 	C:\WINDOWS\SYSTEM32\WINMM.dll
0x00007ffe46e50000 - 0x00007ffe46e59000 	C:\WINDOWS\SYSTEM32\WSOCK32.dll
0x00007ffe5b880000 - 0x00007ffe5b8eb000 	C:\WINDOWS\System32\WS2_32.dll
0x00007ffe58f20000 - 0x00007ffe58f32000 	C:\WINDOWS\SYSTEM32\kernel.appcore.dll
0x00007ffe54fd0000 - 0x00007ffe54fda000 	C:\JAVA\microsoft-jdk-17.0.1.12.1-windows-x64\jdk-17.0.1+12\bin\jimage.dll
0x00007ffe58d10000 - 0x00007ffe58ef4000 	C:\WINDOWS\SYSTEM32\DBGHELP.DLL
0x00007ffe4e330000 - 0x00007ffe4e35c000 	C:\WINDOWS\SYSTEM32\dbgcore.DLL
0x00007ffe5a8d0000 - 0x00007ffe5a953000 	C:\WINDOWS\System32\bcryptPrimitives.dll
0x00007ffe54510000 - 0x00007ffe5451e000 	C:\JAVA\microsoft-jdk-17.0.1.12.1-windows-x64\jdk-17.0.1+12\bin\instrument.dll
0x00007ffe540b0000 - 0x00007ffe540d5000 	C:\JAVA\microsoft-jdk-17.0.1.12.1-windows-x64\jdk-17.0.1+12\bin\java.dll
0x00007ffe53fd0000 - 0x00007ffe540a6000 	C:\JAVA\microsoft-jdk-17.0.1.12.1-windows-x64\jdk-17.0.1+12\bin\svml.dll
0x00007ffe5c7a0000 - 0x00007ffe5cee4000 	C:\WINDOWS\System32\SHELL32.dll
0x00007ffe584a0000 - 0x00007ffe58c34000 	C:\WINDOWS\SYSTEM32\windows.storage.dll
0x00007ffe5b0d0000 - 0x00007ffe5b425000 	C:\WINDOWS\System32\combase.dll
0x00007ffe5a0f0000 - 0x00007ffe5a11e000 	C:\WINDOWS\SYSTEM32\Wldp.dll
0x00007ffe5b690000 - 0x00007ffe5b73d000 	C:\WINDOWS\System32\SHCORE.dll
0x00007ffe5bdf0000 - 0x00007ffe5be45000 	C:\WINDOWS\System32\shlwapi.dll
0x00007ffe5a5e0000 - 0x00007ffe5a5ff000 	C:\WINDOWS\SYSTEM32\profapi.dll
0x00007ffe53f60000 - 0x00007ffe53f78000 	C:\JAVA\microsoft-jdk-17.0.1.12.1-windows-x64\jdk-17.0.1+12\bin\zip.dll
0x00007ffe53fb0000 - 0x00007ffe53fc9000 	C:\JAVA\microsoft-jdk-17.0.1.12.1-windows-x64\jdk-17.0.1+12\bin\net.dll
0x00007ffe50f20000 - 0x00007ffe5102c000 	C:\WINDOWS\SYSTEM32\WINHTTP.dll
0x00007ffe59e50000 - 0x00007ffe59eba000 	C:\WINDOWS\system32\mswsock.dll
0x00007ffe53f80000 - 0x00007ffe53f96000 	C:\JAVA\microsoft-jdk-17.0.1.12.1-windows-x64\jdk-17.0.1+12\bin\nio.dll
0x00007ffe53f00000 - 0x00007ffe53f1a000 	C:\Program Files\JetBrains\IntelliJ IDEA 2021.2.2\bin\breakgen64.dll

dbghelp: loaded successfully - version: 4.0.5 - missing functions: none
symbol engine: initialized successfully - sym options: 0x614 - pdb path: .;C:\JAVA\microsoft-jdk-17.0.1.12.1-windows-x64\jdk-17.0.1+12\bin;C:\WINDOWS\SYSTEM32;C:\WINDOWS\WinSxS\amd64_microsoft.windows.common-controls_6595b64144ccf1df_6.0.19041.1110_none_60b5254171f9507e;C:\JAVA\microsoft-jdk-17.0.1.12.1-windows-x64\jdk-17.0.1+12\bin\server;C:\Program Files\JetBrains\IntelliJ IDEA 2021.2.2\bin

VM Arguments:
jvm_args: -javaagent:C:\Program Files\JetBrains\IntelliJ IDEA 2021.2.2\lib\idea_rt.jar=56145:C:\Program Files\JetBrains\IntelliJ IDEA 2021.2.2\bin -Dfile.encoding=UTF-8 
java_command: yangTest
java_class_path (initial): C:\Users\86136\IdeaProjects\Library\Library\target\classes;C:\javaweb_jar\apache-maven-3.8.3\repository\jstl\jstl\1.2\jstl-1.2.jar;C:\javaweb_jar\apache-maven-3.8.3\repository\commons-io\commons-io\2.2\commons-io-2.2.jar;C:\javaweb_jar\apache-maven-3.8.3\repository\com\alibaba\fastjson\1.2.78\fastjson-1.2.78.jar;C:\javaweb_jar\apache-maven-3.8.3\repository\mysql\mysql-connector-java\8.0.27\mysql-connector-java-8.0.27.jar;C:\javaweb_jar\apache-maven-3.8.3\repository\com\google\protobuf\protobuf-java\3.11.4\protobuf-java-3.11.4.jar;C:\javaweb_jar\apache-maven-3.8.3\repository\org\mybatis\mybatis\3.5.7\mybatis-3.5.7.jar
Launcher Type: SUN_STANDARD

[Global flags]
     intx CICompilerCount                          = 4                                         {product} {ergonomic}
     uint ConcGCThreads                            = 2                                         {product} {ergonomic}
     uint G1ConcRefinementThreads                  = 8                                         {product} {ergonomic}
   size_t G1HeapRegionSize                         = 1048576                                   {product} {ergonomic}
    uintx GCDrainStackTargetSize                   = 64                                        {product} {ergonomic}
   size_t InitialHeapSize                          = 134217728                                 {product} {ergonomic}
   size_t MarkStackSize                            = 4194304                                   {product} {ergonomic}
   size_t MaxHeapSize                              = 2122317824                                {product} {ergonomic}
   size_t MaxNewSize                               = 1272971264                                {product} {ergonomic}
   size_t MinHeapDeltaBytes                        = 1048576                                   {product} {ergonomic}
   size_t MinHeapSize                              = 8388608                                   {product} {ergonomic}
    uintx NonNMethodCodeHeapSize                   = 5839372                                {pd product} {ergonomic}
    uintx NonProfiledCodeHeapSize                  = 122909434                              {pd product} {ergonomic}
    uintx ProfiledCodeHeapSize                     = 122909434                              {pd product} {ergonomic}
    uintx ReservedCodeCacheSize                    = 251658240                              {pd product} {ergonomic}
     bool SegmentedCodeCache                       = true                                      {product} {ergonomic}
   size_t SoftMaxHeapSize                          = 2122317824                             {manageable} {ergonomic}
     bool UseCompressedClassPointers               = true                           {product lp64_product} {ergonomic}
     bool UseCompressedOops                        = true                           {product lp64_product} {ergonomic}
     bool UseG1GC                                  = true                                      {product} {ergonomic}
     bool UseLargePagesIndividualAllocation        = false                                  {pd product} {ergonomic}

Logging:
Log output configuration:
 #0: stdout all=warning uptime,level,tags
 #1: stderr all=off uptime,level,tags

Environment Variables:
JAVA_HOME=C:\JAVA\jdk1.8.0_281
CLASSPATH=C:\JAVA\jdk1.8.0_281\lib;.;
PATH=D:\Python3.9.0\Scripts\;D:\Python3.9.0\;C:\WINDOWS\system32;C:\WINDOWS;C:\WINDOWS\System32\Wbem;C:\WINDOWS\System32\WindowsPowerShell\v1.0\;C:\WINDOWS\System32\OpenSSH\;C:\Program Files (x86)\Intel\Intel(R) Management Engine Components\DAL;C:\Program Files\Intel\Intel(R) Management Engine Components\DAL;C:\Program Files (x86)\Microsoft SQL Server\150\Tools\Binn\;C:\Program Files\Microsoft SQL Server\150\Tools\Binn\;C:\Program Files (x86)\Microsoft SQL Server\150\DTS\Binn\;C:\Program Files\Microsoft SQL Server\150\DTS\Binn\;C:\Program Files\Microsoft SQL Server\Client SDK\ODBC\170\Tools\Binn\;C:\Program Files (x86)\Microsoft SQL Server\100\Tools\Binn\;C:\Program Files\Microsoft SQL Server\100\Tools\Binn\;C:\Program Files\Microsoft SQL Server\100\DTS\Binn\;C:\Program Files\Azure Data Studio\bin;C:\Program Files\mingw-w64\x86_64-8.1.0-posix-seh-rt_v6-rev0\mingw64\bin;C:\JAVA\jdk1.8.0_281\bin;D:\Anaconda;D:\Anaconda\Scripts;D:\Anaconda\Library\mingw-w64\bin;D:\Anaconda\Library\usr\bin;D:\Anaconda\Library\bin;C:\Program Files\Microsoft SQL Server\130\Tools\Binn\;D:\MySQL\bin;C:\javaweb_jar\apache-maven-3.8.3\bin;C:\Program Files\dotnet\;C:\Users\86136\AppData\Local\Microsoft\WindowsApps;C:\Users\86136\AppData\Local\Programs\Microsoft VS Code\bin;C:\Program Files\Azure Data Studio\bin;C:\Users\86136\.dotnet\tools
USERNAME=86136
OS=Windows_NT
PROCESSOR_IDENTIFIER=Intel64 Family 6 Model 142 Stepping 10, GenuineIntel



---------------  S Y S T E M  ---------------

OS:
 Windows 10 , 64 bit Build 19041 (10.0.19041.1348)
OS uptime: 2 days 4:41 hours

CPU: total 8 (initial active 8) (4 cores per cpu, 2 threads per core) family 6 model 142 stepping 10 microcode 0xc6, cx8, cmov, fxsr, ht, mmx, 3dnowpref, sse, sse2, sse3, ssse3, sse4.1, sse4.2, popcnt, lzcnt, tsc, tscinvbit, avx, avx2, erms, clmul, bmi1, bmi2, adx, fma, vzeroupper, clflush, clflushopt

Memory: 4k page, system-wide physical 8093M (550M free)
TotalPageFile size 14237M (AvailPageFile size 2M)
current process WorkingSet (physical memory assigned to process): 37M, peak: 37M
current process commit charge ("private bytes"): 212M, peak: 212M

vm_info: OpenJDK 64-Bit Server VM (17.0.1+12-LTS) for windows-amd64 JRE (17.0.1+12-LTS), built on Oct 20 2021 22:41:43 by "" with MS VC++ 16.10 / 16.11 (VS2019)

END.
