#
# There is insufficient memory for the Java Runtime Environment to continue.
# Native memory allocation (malloc) failed to allocate 600704 bytes for Chunk::new
# Possible reasons:
#   The system is out of physical RAM or swap space
#   The process is running with CompressedOops enabled, and the Java Heap may be blocking the growth of the native heap
# Possible solutions:
#   Reduce memory load on the system
#   Increase physical memory or swap space
#   Check if swap backing store is full
#   Decrease Java heap size (-Xmx/-Xms)
#   Decrease number of Java threads
#   Decrease Java thread stack sizes (-Xss)
#   Set larger code cache with -XX:ReservedCodeCacheSize=
#   JVM is running with Unscaled Compressed Oops mode in which the Java heap is
#     placed in the first 4GB address space. The Java Heap base address is the
#     maximum limit for the native heap growth. Please use -XX:HeapBaseMinAddress
#     to set the Java Heap base and to place the Java Heap above 4GB virtual address.
# This output file may be truncated or incomplete.
#
#  Out of Memory Error (arena.cpp:189), pid=24336, tid=30012
#
# JRE version: OpenJDK Runtime Environment Microsoft-28056 (17.0.1+12) (build 17.0.1+12-LTS)
# Java VM: OpenJDK 64-Bit Server VM Microsoft-28056 (17.0.1+12-LTS, mixed mode, sharing, tiered, compressed oops, compressed class ptrs, g1 gc, windows-amd64)
# No core dump will be written. Minidumps are not enabled by default on client versions of Windows
#

---------------  S U M M A R Y ------------

Command Line: -javaagent:C:\Program Files\JetBrains\IntelliJ IDEA 2021.2.2\lib\idea_rt.jar=52202:C:\Program Files\JetBrains\IntelliJ IDEA 2021.2.2\bin -Dfile.encoding=UTF-8 yangTest

Host: Intel(R) Core(TM) i5-8250U CPU @ 1.60GHz, 8 cores, 7G,  Windows 10 , 64 bit Build 19041 (10.0.19041.1348)
Time: Wed Jan  5 21:55:39 2022  Windows 10 , 64 bit Build 19041 (10.0.19041.1348) elapsed time: 0.599005 seconds (0d 0h 0m 0s)

---------------  T H R E A D  ---------------

Current thread (0x00000163fc2035f0):  JavaThread "C2 CompilerThread0" daemon [_thread_in_native, id=30012, stack(0x0000002972500000,0x0000002972600000)]


Current CompileTask:
C2:    599  763       4       java.text.PatternEntry$Parser::next (655 bytes)

Stack: [0x0000002972500000,0x0000002972600000]
Native frames: (J=compiled Java code, j=interpreted, Vv=VM code, C=native code)
V  [jvm.dll+0x675f8a]
V  [jvm.dll+0x830c34]
V  [jvm.dll+0x8323de]
V  [jvm.dll+0x832a43]
V  [jvm.dll+0x2454a5]
V  [jvm.dll+0xab9fb]
V  [jvm.dll+0xabf8c]
V  [jvm.dll+0x3631b7]
V  [jvm.dll+0x32d6b1]
V  [jvm.dll+0x32cb5a]
V  [jvm.dll+0x2183f1]
V  [jvm.dll+0x217811]
V  [jvm.dll+0x1a37ed]
V  [jvm.dll+0x227198]
V  [jvm.dll+0x2252ec]
V  [jvm.dll+0x7e64cc]
V  [jvm.dll+0x7e0a7a]
V  [jvm.dll+0x674db5]
C  [ucrtbase.dll+0x21bb2]
C  [KERNEL32.DLL+0x17034]
C  [ntdll.dll+0x52651]


---------------  P R O C E S S  ---------------

Threads class SMR info:
_java_thread_list=0x00000163fd17ee40, length=15, elements={
0x00000163ecebed80, 0x00000163fc1d8280, 0x00000163fc1d90f0, 0x00000163fc1f7420,
0x00000163fc1f7ee0, 0x00000163fc1fa9a0, 0x00000163fc1ff360, 0x00000163fc2035f0,
0x00000163fc204090, 0x00000163fc207270, 0x00000163fc1c1220, 0x00000163fcd3adc0,
0x00000163fcd25250, 0x00000163fcf65c60, 0x00000163fcf4f060
}

Java Threads: ( => current thread )
  0x00000163ecebed80 JavaThread "main" [_thread_in_vm, id=30004, stack(0x0000002971800000,0x0000002971900000)]
  0x00000163fc1d8280 JavaThread "Reference Handler" daemon [_thread_blocked, id=28756, stack(0x0000002971f00000,0x0000002972000000)]
  0x00000163fc1d90f0 JavaThread "Finalizer" daemon [_thread_blocked, id=3596, stack(0x0000002972000000,0x0000002972100000)]
  0x00000163fc1f7420 JavaThread "Signal Dispatcher" daemon [_thread_blocked, id=25952, stack(0x0000002972100000,0x0000002972200000)]
  0x00000163fc1f7ee0 JavaThread "Attach Listener" daemon [_thread_blocked, id=19972, stack(0x0000002972200000,0x0000002972300000)]
  0x00000163fc1fa9a0 JavaThread "Service Thread" daemon [_thread_blocked, id=5176, stack(0x0000002972300000,0x0000002972400000)]
  0x00000163fc1ff360 JavaThread "Monitor Deflation Thread" daemon [_thread_blocked, id=29300, stack(0x0000002972400000,0x0000002972500000)]
=>0x00000163fc2035f0 JavaThread "C2 CompilerThread0" daemon [_thread_in_native, id=30012, stack(0x0000002972500000,0x0000002972600000)]
  0x00000163fc204090 JavaThread "C1 CompilerThread0" daemon [_thread_in_vm, id=9444, stack(0x0000002972600000,0x0000002972700000)]
  0x00000163fc207270 JavaThread "Sweeper thread" daemon [_thread_blocked, id=4576, stack(0x0000002972700000,0x0000002972800000)]
  0x00000163fc1c1220 JavaThread "Common-Cleaner" daemon [_thread_blocked, id=16696, stack(0x0000002972800000,0x0000002972900000)]
  0x00000163fcd3adc0 JavaThread "Monitor Ctrl-Break" daemon [_thread_in_native, id=29088, stack(0x0000002972900000,0x0000002972a00000)]
  0x00000163fcd25250 JavaThread "Notification Thread" daemon [_thread_blocked, id=27364, stack(0x0000002972a00000,0x0000002972b00000)]
  0x00000163fcf65c60 JavaThread "mysql-cj-abandoned-connection-cleanup" daemon [_thread_blocked, id=30364, stack(0x0000002972c00000,0x0000002972d00000)]
  0x00000163fcf4f060 JavaThread "C2 CompilerThread1" daemon [_thread_in_native, id=15008, stack(0x0000002972d00000,0x0000002972e00000)]

Other Threads:
  0x00000163fc1ceac0 VMThread "VM Thread" [stack: 0x0000002971e00000,0x0000002971f00000] [id=25108]
  0x00000163ecebfb40 WatcherThread [stack: 0x0000002972b00000,0x0000002972c00000] [id=17240]
  0x00000163ecefdb60 GCTaskThread "GC Thread#0" [stack: 0x0000002971900000,0x0000002971a00000] [id=28760]
  0x00000163ecf0f7b0 ConcurrentGCThread "G1 Main Marker" [stack: 0x0000002971a00000,0x0000002971b00000] [id=23040]
  0x00000163ecf10960 ConcurrentGCThread "G1 Conc#0" [stack: 0x0000002971b00000,0x0000002971c00000] [id=13184]
  0x00000163ecf99910 ConcurrentGCThread "G1 Refine#0" [stack: 0x0000002971c00000,0x0000002971d00000] [id=25752]
  0x00000163ecf9a330 ConcurrentGCThread "G1 Service" [stack: 0x0000002971d00000,0x0000002971e00000] [id=5480]

Threads with active compile tasks:
C2 CompilerThread0      710  763       4       java.text.PatternEntry$Parser::next (655 bytes)
C2 CompilerThread1      710  905       4       java.lang.StringLatin1::inflate (34 bytes)

VM state: not at safepoint (normal execution)

VM Mutex/Monitor currently owned by a thread: None

Heap address: 0x0000000081800000, size: 2024 MB, Compressed Oops mode: 32-bit

CDS archive(s) mapped at: [0x0000000800000000-0x0000000800bc0000-0x0000000800bc0000), size 12320768, SharedBaseAddress: 0x0000000800000000, ArchiveRelocationMode: 0.
Compressed class space mapped at: 0x0000000800c00000-0x0000000840c00000, reserved size: 1073741824
Narrow klass base: 0x0000000800000000, Narrow klass shift: 0, Narrow klass range: 0x100000000

GC Precious Log:
 CPUs: 8 total, 8 available
 Memory: 8093M
 Large Page Support: Disabled
 NUMA Support: Disabled
 Compressed Oops: Enabled (32-bit)
 Heap Region Size: 1M
 Heap Min Capacity: 8M
 Heap Initial Capacity: 128M
 Heap Max Capacity: 2024M
 Pre-touch: Disabled
 Parallel Workers: 8
 Concurrent Workers: 2
 Concurrent Refinement Workers: 8
 Periodic GC: Disabled

Heap:
 garbage-first heap   total 131072K, used 17408K [0x0000000081800000, 0x0000000100000000)
  region size 1024K, 19 young (19456K), 0 survivors (0K)
 Metaspace       used 5895K, committed 6080K, reserved 1056768K
  class space    used 660K, committed 768K, reserved 1048576K

Heap Regions: E=young(eden), S=young(survivor), O=old, HS=humongous(starts), HC=humongous(continues), CS=collection set, F=free, OA=open archive, CA=closed archive, TAMS=top-at-mark-start (previous, next)
|   0|0x0000000081800000, 0x0000000081800000, 0x0000000081900000|  0%| F|  |TAMS 0x0000000081800000, 0x0000000081800000| Untracked 
|   1|0x0000000081900000, 0x0000000081900000, 0x0000000081a00000|  0%| F|  |TAMS 0x0000000081900000, 0x0000000081900000| Untracked 
|   2|0x0000000081a00000, 0x0000000081a00000, 0x0000000081b00000|  0%| F|  |TAMS 0x0000000081a00000, 0x0000000081a00000| Untracked 
|   3|0x0000000081b00000, 0x0000000081b00000, 0x0000000081c00000|  0%| F|  |TAMS 0x0000000081b00000, 0x0000000081b00000| Untracked 
|   4|0x0000000081c00000, 0x0000000081c00000, 0x0000000081d00000|  0%| F|  |TAMS 0x0000000081c00000, 0x0000000081c00000| Untracked 
|   5|0x0000000081d00000, 0x0000000081d00000, 0x0000000081e00000|  0%| F|  |TAMS 0x0000000081d00000, 0x0000000081d00000| Untracked 
|   6|0x0000000081e00000, 0x0000000081e00000, 0x0000000081f00000|  0%| F|  |TAMS 0x0000000081e00000, 0x0000000081e00000| Untracked 
|   7|0x0000000081f00000, 0x0000000081f00000, 0x0000000082000000|  0%| F|  |TAMS 0x0000000081f00000, 0x0000000081f00000| Untracked 
|   8|0x0000000082000000, 0x0000000082000000, 0x0000000082100000|  0%| F|  |TAMS 0x0000000082000000, 0x0000000082000000| Untracked 
|   9|0x0000000082100000, 0x0000000082100000, 0x0000000082200000|  0%| F|  |TAMS 0x0000000082100000, 0x0000000082100000| Untracked 
|  10|0x0000000082200000, 0x0000000082200000, 0x0000000082300000|  0%| F|  |TAMS 0x0000000082200000, 0x0000000082200000| Untracked 
|  11|0x0000000082300000, 0x0000000082300000, 0x0000000082400000|  0%| F|  |TAMS 0x0000000082300000, 0x0000000082300000| Untracked 
|  12|0x0000000082400000, 0x0000000082400000, 0x0000000082500000|  0%| F|  |TAMS 0x0000000082400000, 0x0000000082400000| Untracked 
|  13|0x0000000082500000, 0x0000000082500000, 0x0000000082600000|  0%| F|  |TAMS 0x0000000082500000, 0x0000000082500000| Untracked 
|  14|0x0000000082600000, 0x0000000082600000, 0x0000000082700000|  0%| F|  |TAMS 0x0000000082600000, 0x0000000082600000| Untracked 
|  15|0x0000000082700000, 0x0000000082700000, 0x0000000082800000|  0%| F|  |TAMS 0x0000000082700000, 0x0000000082700000| Untracked 
|  16|0x0000000082800000, 0x0000000082800000, 0x0000000082900000|  0%| F|  |TAMS 0x0000000082800000, 0x0000000082800000| Untracked 
|  17|0x0000000082900000, 0x0000000082900000, 0x0000000082a00000|  0%| F|  |TAMS 0x0000000082900000, 0x0000000082900000| Untracked 
|  18|0x0000000082a00000, 0x0000000082a00000, 0x0000000082b00000|  0%| F|  |TAMS 0x0000000082a00000, 0x0000000082a00000| Untracked 
|  19|0x0000000082b00000, 0x0000000082b00000, 0x0000000082c00000|  0%| F|  |TAMS 0x0000000082b00000, 0x0000000082b00000| Untracked 
|  20|0x0000000082c00000, 0x0000000082c00000, 0x0000000082d00000|  0%| F|  |TAMS 0x0000000082c00000, 0x0000000082c00000| Untracked 
|  21|0x0000000082d00000, 0x0000000082d00000, 0x0000000082e00000|  0%| F|  |TAMS 0x0000000082d00000, 0x0000000082d00000| Untracked 
|  22|0x0000000082e00000, 0x0000000082e00000, 0x0000000082f00000|  0%| F|  |TAMS 0x0000000082e00000, 0x0000000082e00000| Untracked 
|  23|0x0000000082f00000, 0x0000000082f00000, 0x0000000083000000|  0%| F|  |TAMS 0x0000000082f00000, 0x0000000082f00000| Untracked 
|  24|0x0000000083000000, 0x0000000083000000, 0x0000000083100000|  0%| F|  |TAMS 0x0000000083000000, 0x0000000083000000| Untracked 
|  25|0x0000000083100000, 0x0000000083100000, 0x0000000083200000|  0%| F|  |TAMS 0x0000000083100000, 0x0000000083100000| Untracked 
|  26|0x0000000083200000, 0x0000000083200000, 0x0000000083300000|  0%| F|  |TAMS 0x0000000083200000, 0x0000000083200000| Untracked 
|  27|0x0000000083300000, 0x0000000083300000, 0x0000000083400000|  0%| F|  |TAMS 0x0000000083300000, 0x0000000083300000| Untracked 
|  28|0x0000000083400000, 0x0000000083400000, 0x0000000083500000|  0%| F|  |TAMS 0x0000000083400000, 0x0000000083400000| Untracked 
|  29|0x0000000083500000, 0x0000000083500000, 0x0000000083600000|  0%| F|  |TAMS 0x0000000083500000, 0x0000000083500000| Untracked 
|  30|0x0000000083600000, 0x0000000083600000, 0x0000000083700000|  0%| F|  |TAMS 0x0000000083600000, 0x0000000083600000| Untracked 
|  31|0x0000000083700000, 0x0000000083700000, 0x0000000083800000|  0%| F|  |TAMS 0x0000000083700000, 0x0000000083700000| Untracked 
|  32|0x0000000083800000, 0x0000000083800000, 0x0000000083900000|  0%| F|  |TAMS 0x0000000083800000, 0x0000000083800000| Untracked 
|  33|0x0000000083900000, 0x0000000083900000, 0x0000000083a00000|  0%| F|  |TAMS 0x0000000083900000, 0x0000000083900000| Untracked 
|  34|0x0000000083a00000, 0x0000000083a00000, 0x0000000083b00000|  0%| F|  |TAMS 0x0000000083a00000, 0x0000000083a00000| Untracked 
|  35|0x0000000083b00000, 0x0000000083b00000, 0x0000000083c00000|  0%| F|  |TAMS 0x0000000083b00000, 0x0000000083b00000| Untracked 
|  36|0x0000000083c00000, 0x0000000083c00000, 0x0000000083d00000|  0%| F|  |TAMS 0x0000000083c00000, 0x0000000083c00000| Untracked 
|  37|0x0000000083d00000, 0x0000000083d00000, 0x0000000083e00000|  0%| F|  |TAMS 0x0000000083d00000, 0x0000000083d00000| Untracked 
|  38|0x0000000083e00000, 0x0000000083e00000, 0x0000000083f00000|  0%| F|  |TAMS 0x0000000083e00000, 0x0000000083e00000| Untracked 
|  39|0x0000000083f00000, 0x0000000083f00000, 0x0000000084000000|  0%| F|  |TAMS 0x0000000083f00000, 0x0000000083f00000| Untracked 
|  40|0x0000000084000000, 0x0000000084000000, 0x0000000084100000|  0%| F|  |TAMS 0x0000000084000000, 0x0000000084000000| Untracked 
|  41|0x0000000084100000, 0x0000000084100000, 0x0000000084200000|  0%| F|  |TAMS 0x0000000084100000, 0x0000000084100000| Untracked 
|  42|0x0000000084200000, 0x0000000084200000, 0x0000000084300000|  0%| F|  |TAMS 0x0000000084200000, 0x0000000084200000| Untracked 
|  43|0x0000000084300000, 0x0000000084300000, 0x0000000084400000|  0%| F|  |TAMS 0x0000000084300000, 0x0000000084300000| Untracked 
|  44|0x0000000084400000, 0x0000000084400000, 0x0000000084500000|  0%| F|  |TAMS 0x0000000084400000, 0x0000000084400000| Untracked 
|  45|0x0000000084500000, 0x0000000084500000, 0x0000000084600000|  0%| F|  |TAMS 0x0000000084500000, 0x0000000084500000| Untracked 
|  46|0x0000000084600000, 0x0000000084600000, 0x0000000084700000|  0%| F|  |TAMS 0x0000000084600000, 0x0000000084600000| Untracked 
|  47|0x0000000084700000, 0x0000000084700000, 0x0000000084800000|  0%| F|  |TAMS 0x0000000084700000, 0x0000000084700000| Untracked 
|  48|0x0000000084800000, 0x0000000084800000, 0x0000000084900000|  0%| F|  |TAMS 0x0000000084800000, 0x0000000084800000| Untracked 
|  49|0x0000000084900000, 0x0000000084900000, 0x0000000084a00000|  0%| F|  |TAMS 0x0000000084900000, 0x0000000084900000| Untracked 
|  50|0x0000000084a00000, 0x0000000084a00000, 0x0000000084b00000|  0%| F|  |TAMS 0x0000000084a00000, 0x0000000084a00000| Untracked 
|  51|0x0000000084b00000, 0x0000000084b00000, 0x0000000084c00000|  0%| F|  |TAMS 0x0000000084b00000, 0x0000000084b00000| Untracked 
|  52|0x0000000084c00000, 0x0000000084c00000, 0x0000000084d00000|  0%| F|  |TAMS 0x0000000084c00000, 0x0000000084c00000| Untracked 
|  53|0x0000000084d00000, 0x0000000084d00000, 0x0000000084e00000|  0%| F|  |TAMS 0x0000000084d00000, 0x0000000084d00000| Untracked 
|  54|0x0000000084e00000, 0x0000000084e00000, 0x0000000084f00000|  0%| F|  |TAMS 0x0000000084e00000, 0x0000000084e00000| Untracked 
|  55|0x0000000084f00000, 0x0000000084f00000, 0x0000000085000000|  0%| F|  |TAMS 0x0000000084f00000, 0x0000000084f00000| Untracked 
|  56|0x0000000085000000, 0x0000000085000000, 0x0000000085100000|  0%| F|  |TAMS 0x0000000085000000, 0x0000000085000000| Untracked 
|  57|0x0000000085100000, 0x0000000085100000, 0x0000000085200000|  0%| F|  |TAMS 0x0000000085100000, 0x0000000085100000| Untracked 
|  58|0x0000000085200000, 0x0000000085200000, 0x0000000085300000|  0%| F|  |TAMS 0x0000000085200000, 0x0000000085200000| Untracked 
|  59|0x0000000085300000, 0x0000000085300000, 0x0000000085400000|  0%| F|  |TAMS 0x0000000085300000, 0x0000000085300000| Untracked 
|  60|0x0000000085400000, 0x0000000085400000, 0x0000000085500000|  0%| F|  |TAMS 0x0000000085400000, 0x0000000085400000| Untracked 
|  61|0x0000000085500000, 0x0000000085500000, 0x0000000085600000|  0%| F|  |TAMS 0x0000000085500000, 0x0000000085500000| Untracked 
|  62|0x0000000085600000, 0x0000000085600000, 0x0000000085700000|  0%| F|  |TAMS 0x0000000085600000, 0x0000000085600000| Untracked 
|  63|0x0000000085700000, 0x0000000085700000, 0x0000000085800000|  0%| F|  |TAMS 0x0000000085700000, 0x0000000085700000| Untracked 
|  64|0x0000000085800000, 0x0000000085800000, 0x0000000085900000|  0%| F|  |TAMS 0x0000000085800000, 0x0000000085800000| Untracked 
|  65|0x0000000085900000, 0x0000000085900000, 0x0000000085a00000|  0%| F|  |TAMS 0x0000000085900000, 0x0000000085900000| Untracked 
|  66|0x0000000085a00000, 0x0000000085a00000, 0x0000000085b00000|  0%| F|  |TAMS 0x0000000085a00000, 0x0000000085a00000| Untracked 
|  67|0x0000000085b00000, 0x0000000085b00000, 0x0000000085c00000|  0%| F|  |TAMS 0x0000000085b00000, 0x0000000085b00000| Untracked 
|  68|0x0000000085c00000, 0x0000000085c00000, 0x0000000085d00000|  0%| F|  |TAMS 0x0000000085c00000, 0x0000000085c00000| Untracked 
|  69|0x0000000085d00000, 0x0000000085d00000, 0x0000000085e00000|  0%| F|  |TAMS 0x0000000085d00000, 0x0000000085d00000| Untracked 
|  70|0x0000000085e00000, 0x0000000085e00000, 0x0000000085f00000|  0%| F|  |TAMS 0x0000000085e00000, 0x0000000085e00000| Untracked 
|  71|0x0000000085f00000, 0x0000000085f00000, 0x0000000086000000|  0%| F|  |TAMS 0x0000000085f00000, 0x0000000085f00000| Untracked 
|  72|0x0000000086000000, 0x0000000086000000, 0x0000000086100000|  0%| F|  |TAMS 0x0000000086000000, 0x0000000086000000| Untracked 
|  73|0x0000000086100000, 0x0000000086100000, 0x0000000086200000|  0%| F|  |TAMS 0x0000000086100000, 0x0000000086100000| Untracked 
|  74|0x0000000086200000, 0x0000000086200000, 0x0000000086300000|  0%| F|  |TAMS 0x0000000086200000, 0x0000000086200000| Untracked 
|  75|0x0000000086300000, 0x0000000086300000, 0x0000000086400000|  0%| F|  |TAMS 0x0000000086300000, 0x0000000086300000| Untracked 
|  76|0x0000000086400000, 0x0000000086400000, 0x0000000086500000|  0%| F|  |TAMS 0x0000000086400000, 0x0000000086400000| Untracked 
|  77|0x0000000086500000, 0x0000000086500000, 0x0000000086600000|  0%| F|  |TAMS 0x0000000086500000, 0x0000000086500000| Untracked 
|  78|0x0000000086600000, 0x0000000086600000, 0x0000000086700000|  0%| F|  |TAMS 0x0000000086600000, 0x0000000086600000| Untracked 
|  79|0x0000000086700000, 0x0000000086700000, 0x0000000086800000|  0%| F|  |TAMS 0x0000000086700000, 0x0000000086700000| Untracked 
|  80|0x0000000086800000, 0x0000000086800000, 0x0000000086900000|  0%| F|  |TAMS 0x0000000086800000, 0x0000000086800000| Untracked 
|  81|0x0000000086900000, 0x0000000086900000, 0x0000000086a00000|  0%| F|  |TAMS 0x0000000086900000, 0x0000000086900000| Untracked 
|  82|0x0000000086a00000, 0x0000000086a00000, 0x0000000086b00000|  0%| F|  |TAMS 0x0000000086a00000, 0x0000000086a00000| Untracked 
|  83|0x0000000086b00000, 0x0000000086b00000, 0x0000000086c00000|  0%| F|  |TAMS 0x0000000086b00000, 0x0000000086b00000| Untracked 
|  84|0x0000000086c00000, 0x0000000086c00000, 0x0000000086d00000|  0%| F|  |TAMS 0x0000000086c00000, 0x0000000086c00000| Untracked 
|  85|0x0000000086d00000, 0x0000000086d00000, 0x0000000086e00000|  0%| F|  |TAMS 0x0000000086d00000, 0x0000000086d00000| Untracked 
|  86|0x0000000086e00000, 0x0000000086e00000, 0x0000000086f00000|  0%| F|  |TAMS 0x0000000086e00000, 0x0000000086e00000| Untracked 
|  87|0x0000000086f00000, 0x0000000086f00000, 0x0000000087000000|  0%| F|  |TAMS 0x0000000086f00000, 0x0000000086f00000| Untracked 
|  88|0x0000000087000000, 0x0000000087000000, 0x0000000087100000|  0%| F|  |TAMS 0x0000000087000000, 0x0000000087000000| Untracked 
|  89|0x0000000087100000, 0x0000000087100000, 0x0000000087200000|  0%| F|  |TAMS 0x0000000087100000, 0x0000000087100000| Untracked 
|  90|0x0000000087200000, 0x0000000087200000, 0x0000000087300000|  0%| F|  |TAMS 0x0000000087200000, 0x0000000087200000| Untracked 
|  91|0x0000000087300000, 0x0000000087300000, 0x0000000087400000|  0%| F|  |TAMS 0x0000000087300000, 0x0000000087300000| Untracked 
|  92|0x0000000087400000, 0x0000000087400000, 0x0000000087500000|  0%| F|  |TAMS 0x0000000087400000, 0x0000000087400000| Untracked 
|  93|0x0000000087500000, 0x0000000087500000, 0x0000000087600000|  0%| F|  |TAMS 0x0000000087500000, 0x0000000087500000| Untracked 
|  94|0x0000000087600000, 0x0000000087600000, 0x0000000087700000|  0%| F|  |TAMS 0x0000000087600000, 0x0000000087600000| Untracked 
|  95|0x0000000087700000, 0x0000000087700000, 0x0000000087800000|  0%| F|  |TAMS 0x0000000087700000, 0x0000000087700000| Untracked 
|  96|0x0000000087800000, 0x0000000087800000, 0x0000000087900000|  0%| F|  |TAMS 0x0000000087800000, 0x0000000087800000| Untracked 
|  97|0x0000000087900000, 0x0000000087900000, 0x0000000087a00000|  0%| F|  |TAMS 0x0000000087900000, 0x0000000087900000| Untracked 
|  98|0x0000000087a00000, 0x0000000087a00000, 0x0000000087b00000|  0%| F|  |TAMS 0x0000000087a00000, 0x0000000087a00000| Untracked 
|  99|0x0000000087b00000, 0x0000000087b00000, 0x0000000087c00000|  0%| F|  |TAMS 0x0000000087b00000, 0x0000000087b00000| Untracked 
| 100|0x0000000087c00000, 0x0000000087c00000, 0x0000000087d00000|  0%| F|  |TAMS 0x0000000087c00000, 0x0000000087c00000| Untracked 
| 101|0x0000000087d00000, 0x0000000087d00000, 0x0000000087e00000|  0%| F|  |TAMS 0x0000000087d00000, 0x0000000087d00000| Untracked 
| 102|0x0000000087e00000, 0x0000000087e00000, 0x0000000087f00000|  0%| F|  |TAMS 0x0000000087e00000, 0x0000000087e00000| Untracked 
| 103|0x0000000087f00000, 0x0000000087f00000, 0x0000000088000000|  0%| F|  |TAMS 0x0000000087f00000, 0x0000000087f00000| Untracked 
| 104|0x0000000088000000, 0x0000000088000000, 0x0000000088100000|  0%| F|  |TAMS 0x0000000088000000, 0x0000000088000000| Untracked 
| 105|0x0000000088100000, 0x0000000088100000, 0x0000000088200000|  0%| F|  |TAMS 0x0000000088100000, 0x0000000088100000| Untracked 
| 106|0x0000000088200000, 0x0000000088200000, 0x0000000088300000|  0%| F|  |TAMS 0x0000000088200000, 0x0000000088200000| Untracked 
| 107|0x0000000088300000, 0x0000000088300000, 0x0000000088400000|  0%| F|  |TAMS 0x0000000088300000, 0x0000000088300000| Untracked 
| 108|0x0000000088400000, 0x0000000088488500, 0x0000000088500000| 53%| E|  |TAMS 0x0000000088400000, 0x0000000088400000| Complete 
| 109|0x0000000088500000, 0x0000000088600000, 0x0000000088600000|100%| E|CS|TAMS 0x0000000088500000, 0x0000000088500000| Complete 
| 110|0x0000000088600000, 0x0000000088700000, 0x0000000088700000|100%| E|CS|TAMS 0x0000000088600000, 0x0000000088600000| Complete 
| 111|0x0000000088700000, 0x0000000088800000, 0x0000000088800000|100%| E|CS|TAMS 0x0000000088700000, 0x0000000088700000| Complete 
| 112|0x0000000088800000, 0x0000000088900000, 0x0000000088900000|100%| E|CS|TAMS 0x0000000088800000, 0x0000000088800000| Complete 
| 113|0x0000000088900000, 0x0000000088a00000, 0x0000000088a00000|100%| E|  |TAMS 0x0000000088900000, 0x0000000088900000| Complete 
| 114|0x0000000088a00000, 0x0000000088b00000, 0x0000000088b00000|100%| E|CS|TAMS 0x0000000088a00000, 0x0000000088a00000| Complete 
| 115|0x0000000088b00000, 0x0000000088c00000, 0x0000000088c00000|100%| E|CS|TAMS 0x0000000088b00000, 0x0000000088b00000| Complete 
| 116|0x0000000088c00000, 0x0000000088d00000, 0x0000000088d00000|100%| E|CS|TAMS 0x0000000088c00000, 0x0000000088c00000| Complete 
| 117|0x0000000088d00000, 0x0000000088e00000, 0x0000000088e00000|100%| E|CS|TAMS 0x0000000088d00000, 0x0000000088d00000| Complete 
| 118|0x0000000088e00000, 0x0000000088f00000, 0x0000000088f00000|100%| E|CS|TAMS 0x0000000088e00000, 0x0000000088e00000| Complete 
| 119|0x0000000088f00000, 0x0000000089000000, 0x0000000089000000|100%| E|CS|TAMS 0x0000000088f00000, 0x0000000088f00000| Complete 
| 120|0x0000000089000000, 0x0000000089100000, 0x0000000089100000|100%| E|CS|TAMS 0x0000000089000000, 0x0000000089000000| Complete 
| 121|0x0000000089100000, 0x0000000089200000, 0x0000000089200000|100%| E|CS|TAMS 0x0000000089100000, 0x0000000089100000| Complete 
| 122|0x0000000089200000, 0x0000000089300000, 0x0000000089300000|100%| E|CS|TAMS 0x0000000089200000, 0x0000000089200000| Complete 
| 123|0x0000000089300000, 0x0000000089400000, 0x0000000089400000|100%| E|CS|TAMS 0x0000000089300000, 0x0000000089300000| Complete 
| 124|0x0000000089400000, 0x0000000089500000, 0x0000000089500000|100%| E|CS|TAMS 0x0000000089400000, 0x0000000089400000| Complete 
| 125|0x0000000089500000, 0x0000000089600000, 0x0000000089600000|100%| E|CS|TAMS 0x0000000089500000, 0x0000000089500000| Complete 
| 126|0x0000000089600000, 0x0000000089700000, 0x0000000089700000|100%| E|CS|TAMS 0x0000000089600000, 0x0000000089600000| Complete 
| 127|0x0000000089700000, 0x0000000089800000, 0x0000000089800000|100%| E|CS|TAMS 0x0000000089700000, 0x0000000089700000| Complete 

Card table byte_map: [0x00000163f50d0000,0x00000163f54d0000] _byte_map_base: 0x00000163f4cc4000

Marking Bits (Prev, Next): (CMBitMap*) 0x00000163eceff180, (CMBitMap*) 0x00000163eceff1c0
 Prev Bits: [0x00000163f58d0000, 0x00000163f7870000)
 Next Bits: [0x00000163f7870000, 0x00000163f9810000)

Polling page: 0x00000163eae30000

Metaspace:

Usage:
  Non-class:      5.33 MB used.
      Class:    689.09 KB used.
       Both:      6.00 MB used.

Virtual space:
  Non-class space:        8.00 MB reserved,       5.44 MB ( 68%) committed,  1 nodes.
      Class space:        1.00 GB reserved,     768.00 KB ( <1%) committed,  1 nodes.
             Both:        1.01 GB reserved,       6.19 MB ( <1%) committed. 

Chunk freelists:
   Non-Class:  2.61 MB
       Class:  3.14 MB
        Both:  5.75 MB

MaxMetaspaceSize: unlimited
CompressedClassSpaceSize: 1.00 GB
Initial GC threshold: 21.00 MB
Current GC threshold: 21.00 MB
CDS: on
MetaspaceReclaimPolicy: balanced
 - commit_granule_bytes: 65536.
 - commit_granule_words: 8192.
 - virtual_space_node_default_size: 1048576.
 - enlarge_chunks_in_place: 1.
 - new_chunks_are_fully_committed: 0.
 - uncommit_free_chunks: 1.
 - use_allocation_guard: 0.
 - handle_deallocations: 1.


Internal statistics:

num_allocs_failed_limit: 0.
num_arena_births: 62.
num_arena_deaths: 0.
num_vsnodes_births: 2.
num_vsnodes_deaths: 0.
num_space_committed: 99.
num_space_uncommitted: 0.
num_chunks_returned_to_freelist: 0.
num_chunks_taken_from_freelist: 154.
num_chunk_merges: 0.
num_chunk_splits: 93.
num_chunks_enlarged: 66.
num_purges: 0.
num_inconsistent_stats: 0.

CodeHeap 'non-profiled nmethods': size=120000Kb used=288Kb max_used=288Kb free=119711Kb
 bounds [0x0000016387ad0000, 0x0000016387d40000, 0x000001638f000000]
CodeHeap 'profiled nmethods': size=120000Kb used=1583Kb max_used=1583Kb free=118416Kb
 bounds [0x00000163805a0000, 0x0000016380810000, 0x0000016387ad0000]
CodeHeap 'non-nmethods': size=5760Kb used=1164Kb max_used=1180Kb free=4595Kb
 bounds [0x0000016380000000, 0x0000016380270000, 0x00000163805a0000]
 total_blobs=1382 nmethods=926 adapters=368
 compilation: enabled
              stopped_count=0, restarted_count=0
 full_count=0

Compilation events (20 events):
Event: 0.582 Thread 0x00000163fc204090  810       3       java.lang.StringBuilder::setLength (6 bytes)
Event: 0.582 Thread 0x00000163fc204090 nmethod 810 0x00000163806e2810 code [0x00000163806e29a0, 0x00000163806e2ae8]
Event: 0.582 Thread 0x00000163fc204090  809  s    1       java.text.Collator::getStrength (5 bytes)
Event: 0.582 Thread 0x00000163fc204090 nmethod 809 0x0000016387b0d610 code [0x0000016387b0d7a0, 0x0000016387b0d918]
Event: 0.582 Thread 0x00000163fc204090  811       1       jdk.internal.icu.text.NormalizerBase::getMode (5 bytes)
Event: 0.582 Thread 0x00000163fc204090 nmethod 811 0x0000016387b0d990 code [0x0000016387b0db20, 0x0000016387b0dbf8]
Event: 0.582 Thread 0x00000163fc204090  812       1       jdk.internal.icu.impl.Norm2AllModes$NoopNormalizer2::hasBoundaryBefore (2 bytes)
Event: 0.582 Thread 0x00000163fc204090 nmethod 812 0x0000016387b0dc90 code [0x0000016387b0de20, 0x0000016387b0def8]
Event: 0.582 Thread 0x00000163fc204090  814       1       java.text.RBCollationTables::isSEAsianSwapping (5 bytes)
Event: 0.582 Thread 0x00000163fc204090 nmethod 814 0x0000016387b0df90 code [0x0000016387b0e120, 0x0000016387b0e1f8]
Event: 0.582 Thread 0x00000163fc204090  815       3       java.lang.AbstractStringBuilder::charAt (36 bytes)
Event: 0.583 Thread 0x00000163fc204090 nmethod 815 0x00000163806e2b90 code [0x00000163806e2d80, 0x00000163806e31b8]
Event: 0.583 Thread 0x00000163fc204090  816       3       jdk.internal.icu.text.UCharacterIterator::nextCodePoint (46 bytes)
Event: 0.584 Thread 0x00000163fc204090 nmethod 816 0x00000163806e3390 code [0x00000163806e35c0, 0x00000163806e3d38]
Event: 0.584 Thread 0x00000163fc204090  818       3       jdk.internal.jimage.ImageLocation::verify (218 bytes)
Event: 0.585 Thread 0x00000163fc204090 nmethod 818 0x00000163806e4010 code [0x00000163806e42c0, 0x00000163806e5038]
Event: 0.585 Thread 0x00000163fc204090  817       3       jdk.internal.jimage.ImageLocation::verifyName (161 bytes)
Event: 0.587 Thread 0x00000163fc204090 nmethod 817 0x00000163806e5590 code [0x00000163806e58c0, 0x00000163806e6e98]
Event: 0.591 Thread 0x00000163fc204090  821       3       java.lang.String::hashCode (60 bytes)
Event: 0.592 Thread 0x00000163fc204090 nmethod 821 0x00000163806e7810 code [0x00000163806e79e0, 0x00000163806e7d58]

GC Heap History (0 events):
No events

Deoptimization events (20 events):
Event: 0.573 Thread 0x00000163ecebed80 Uncommon trap: trap_request=0xffffff45 fr.pc=0x0000016387b07ad0 relative=0x00000000000000d0
Event: 0.573 Thread 0x00000163ecebed80 Uncommon trap: reason=unstable_if action=reinterpret pc=0x0000016387b07ad0 method=java.lang.Character.isHighSurrogate(C)Z @ 9 c2
Event: 0.573 Thread 0x00000163ecebed80 DEOPT PACKING pc=0x0000016387b07ad0 sp=0x00000029718fd590
Event: 0.573 Thread 0x00000163ecebed80 DEOPT UNPACKING pc=0x00000163800523a3 sp=0x00000029718fd3d8 mode 2
Event: 0.573 Thread 0x00000163ecebed80 Uncommon trap: trap_request=0xffffff45 fr.pc=0x0000016387b0ca20 relative=0x0000000000000180
Event: 0.573 Thread 0x00000163ecebed80 Uncommon trap: reason=unstable_if action=reinterpret pc=0x0000016387b0ca20 method=sun.text.UCompactIntArray.elementAt(I)I @ 14 c2
Event: 0.573 Thread 0x00000163ecebed80 DEOPT PACKING pc=0x0000016387b0ca20 sp=0x00000029718fd510
Event: 0.573 Thread 0x00000163ecebed80 DEOPT UNPACKING pc=0x00000163800523a3 sp=0x00000029718fd498 mode 2
Event: 0.573 Thread 0x00000163ecebed80 Uncommon trap: trap_request=0xffffff45 fr.pc=0x0000016387b07e74 relative=0x0000000000000074
Event: 0.573 Thread 0x00000163ecebed80 Uncommon trap: reason=unstable_if action=reinterpret pc=0x0000016387b07e74 method=java.lang.Character.isHighSurrogate(C)Z @ 9 c2
Event: 0.573 Thread 0x00000163ecebed80 DEOPT PACKING pc=0x0000016387b07e74 sp=0x00000029718fd4e0
Event: 0.573 Thread 0x00000163ecebed80 DEOPT UNPACKING pc=0x00000163800523a3 sp=0x00000029718fd3e8 mode 2
Event: 0.588 Thread 0x00000163ecebed80 Uncommon trap: trap_request=0xffffff45 fr.pc=0x0000016387ad9134 relative=0x0000000000000234
Event: 0.588 Thread 0x00000163ecebed80 Uncommon trap: reason=unstable_if action=reinterpret pc=0x0000016387ad9134 method=java.lang.String.isLatin1()Z @ 10 c2
Event: 0.588 Thread 0x00000163ecebed80 DEOPT PACKING pc=0x0000016387ad9134 sp=0x00000029718fd790
Event: 0.588 Thread 0x00000163ecebed80 DEOPT UNPACKING pc=0x00000163800523a3 sp=0x00000029718fd6c0 mode 2
Event: 0.589 Thread 0x00000163ecebed80 Uncommon trap: trap_request=0xffffff76 fr.pc=0x0000016387b02360 relative=0x0000000000000340
Event: 0.589 Thread 0x00000163ecebed80 Uncommon trap: reason=predicate action=maybe_recompile pc=0x0000016387b02360 method=jdk.internal.jimage.ImageStringsReader.unmaskedHashCode(Ljava/lang/String;I)I @ 13 c2
Event: 0.589 Thread 0x00000163ecebed80 DEOPT PACKING pc=0x0000016387b02360 sp=0x00000029718fd3a0
Event: 0.589 Thread 0x00000163ecebed80 DEOPT UNPACKING pc=0x00000163800523a3 sp=0x00000029718fd308 mode 2

Classes unloaded (0 events):
No events

Classes redefined (0 events):
No events

Internal exceptions (14 events):
Event: 0.184 Thread 0x00000163fcd3adc0 Exception <a 'java/lang/NoSuchMethodError'{0x0000000089404bd0}: 'java.lang.Object java.lang.invoke.DirectMethodHandle$Holder.invokeStaticInit(java.lang.Object)'> (0x0000000089404bd0) 
thrown [d:\a\1\jdk\src\hotspot\share\interpreter\linkResolver.cpp, line 766]
Event: 0.195 Thread 0x00000163fcd3adc0 Exception <a 'java/lang/NoSuchMethodError'{0x0000000089412db0}: 'void java.lang.invoke.DirectMethodHandle$Holder.invokeStatic(java.lang.Object, java.lang.Object)'> (0x0000000089412db0) 
thrown [d:\a\1\jdk\src\hotspot\share\interpreter\linkResolver.cpp, line 766]
Event: 0.368 Thread 0x00000163ecebed80 Exception <a 'java/lang/NoSuchMethodError'{0x000000008915cc20}: 'java.lang.Object java.lang.invoke.DirectMethodHandle$Holder.invokeInterface(java.lang.Object, java.lang.Object, java.lang.Object)'> (0x000000008915cc20) 
thrown [d:\a\1\jdk\src\hotspot\share\interpreter\linkResolver.cpp, line 766]
Event: 0.408 Thread 0x00000163ecebed80 Exception <a 'java/lang/NoSuchMethodError'{0x0000000089090058}: 'void java.lang.invoke.DirectMethodHandle$Holder.invokeSpecial(java.lang.Object, java.lang.Object, java.lang.Object)'> (0x0000000089090058) 
thrown [d:\a\1\jdk\src\hotspot\share\interpreter\linkResolver.cpp, line 766]
Event: 0.478 Thread 0x00000163ecebed80 Exception <a 'java/lang/NoSuchMethodError'{0x0000000088de0468}: 'void java.lang.invoke.DirectMethodHandle$Holder.invokeStaticInit(java.lang.Object)'> (0x0000000088de0468) 
thrown [d:\a\1\jdk\src\hotspot\share\interpreter\linkResolver.cpp, line 766]
Event: 0.480 Thread 0x00000163ecebed80 Exception <a 'java/lang/NoClassDefFoundError'{0x0000000088de61b8}: org/slf4j/LoggerFactory> (0x0000000088de61b8) 
thrown [d:\a\1\jdk\src\hotspot\share\classfile\systemDictionary.cpp, line 245]
Event: 0.480 Thread 0x00000163ecebed80 Exception <a 'java/lang/reflect/InvocationTargetException'{0x0000000088de6488}> (0x0000000088de6488) 
thrown [d:\a\1\jdk\src\hotspot\share\runtime\reflection.cpp, line 1121]
Event: 0.482 Thread 0x00000163ecebed80 Exception <a 'java/lang/NoClassDefFoundError'{0x0000000088de9790}: org/apache/commons/logging/LogFactory> (0x0000000088de9790) 
thrown [d:\a\1\jdk\src\hotspot\share\classfile\systemDictionary.cpp, line 245]
Event: 0.482 Thread 0x00000163ecebed80 Exception <a 'java/lang/reflect/InvocationTargetException'{0x0000000088de9a60}> (0x0000000088de9a60) 
thrown [d:\a\1\jdk\src\hotspot\share\runtime\reflection.cpp, line 1121]
Event: 0.483 Thread 0x00000163ecebed80 Exception <a 'java/lang/NoClassDefFoundError'{0x0000000088decc90}: org/apache/logging/log4j/LogManager> (0x0000000088decc90) 
thrown [d:\a\1\jdk\src\hotspot\share\classfile\systemDictionary.cpp, line 245]
Event: 0.483 Thread 0x00000163ecebed80 Exception <a 'java/lang/reflect/InvocationTargetException'{0x0000000088decf60}> (0x0000000088decf60) 
thrown [d:\a\1\jdk\src\hotspot\share\runtime\reflection.cpp, line 1121]
Event: 0.485 Thread 0x00000163ecebed80 Exception <a 'java/lang/NoClassDefFoundError'{0x0000000088deffe0}: org/apache/log4j/Priority> (0x0000000088deffe0) 
thrown [d:\a\1\jdk\src\hotspot\share\classfile\systemDictionary.cpp, line 245]
Event: 0.512 Thread 0x00000163ecebed80 Implicit null exception at 0x0000016387aff7d5 to 0x0000016387affde8
Event: 0.524 Thread 0x00000163ecebed80 Implicit null exception at 0x0000016387b04352 to 0x0000016387b04958

VM Operations (8 events):
Event: 0.183 Executing VM operation: HandshakeAllThreads
Event: 0.183 Executing VM operation: HandshakeAllThreads done
Event: 0.341 Executing VM operation: HandshakeAllThreads
Event: 0.341 Executing VM operation: HandshakeAllThreads done
Event: 0.467 Executing VM operation: HandshakeAllThreads
Event: 0.467 Executing VM operation: HandshakeAllThreads done
Event: 0.509 Executing VM operation: HandshakeAllThreads
Event: 0.509 Executing VM operation: HandshakeAllThreads done

Events (20 events):
Event: 0.578 loading class jdk/internal/icu/text/NormalizerBase
Event: 0.578 loading class jdk/internal/icu/text/NormalizerBase done
Event: 0.578 loading class jdk/internal/icu/text/NormalizerBase$NONEMode
Event: 0.578 loading class jdk/internal/icu/text/NormalizerBase$NONEMode done
Event: 0.578 loading class jdk/internal/icu/text/NormalizerBase$NFDMode
Event: 0.578 loading class jdk/internal/icu/text/NormalizerBase$NFDMode done
Event: 0.578 loading class jdk/internal/icu/text/NormalizerBase$NFKDMode
Event: 0.578 loading class jdk/internal/icu/text/NormalizerBase$NFKDMode done
Event: 0.578 loading class jdk/internal/icu/text/NormalizerBase$NFCMode
Event: 0.578 loading class jdk/internal/icu/text/NormalizerBase$NFCMode done
Event: 0.579 loading class jdk/internal/icu/text/NormalizerBase$NFKCMode
Event: 0.579 loading class jdk/internal/icu/text/NormalizerBase$NFKCMode done
Event: 0.579 loading class jdk/internal/icu/text/UCharacterIterator
Event: 0.579 loading class jdk/internal/icu/text/UCharacterIterator done
Event: 0.579 loading class jdk/internal/icu/impl/ReplaceableUCharacterIterator
Event: 0.579 loading class jdk/internal/icu/impl/ReplaceableUCharacterIterator done
Event: 0.579 loading class jdk/internal/icu/text/ReplaceableString
Event: 0.579 loading class jdk/internal/icu/text/Replaceable
Event: 0.579 loading class jdk/internal/icu/text/Replaceable done
Event: 0.579 loading class jdk/internal/icu/text/ReplaceableString done


Dynamic libraries:
0x00007ff7cc730000 - 0x00007ff7cc73e000 	C:\JAVA\microsoft-jdk-17.0.1.12.1-windows-x64\jdk-17.0.1+12\bin\java.exe
0x00007ffe5cf90000 - 0x00007ffe5d185000 	C:\WINDOWS\SYSTEM32\ntdll.dll
0x00007ffe5c660000 - 0x00007ffe5c71e000 	C:\WINDOWS\System32\KERNEL32.DLL
0x00007ffe5ab70000 - 0x00007ffe5ae38000 	C:\WINDOWS\System32\KERNELBASE.dll
0x00007ffe5a960000 - 0x00007ffe5aa60000 	C:\WINDOWS\System32\ucrtbase.dll
0x00007ffe545d0000 - 0x00007ffe545eb000 	C:\JAVA\microsoft-jdk-17.0.1.12.1-windows-x64\jdk-17.0.1+12\bin\VCRUNTIME140.dll
0x00007ffe545f0000 - 0x00007ffe54608000 	C:\JAVA\microsoft-jdk-17.0.1.12.1-windows-x64\jdk-17.0.1+12\bin\jli.dll
0x00007ffe5c480000 - 0x00007ffe5c621000 	C:\WINDOWS\System32\USER32.dll
0x00007ffe5afa0000 - 0x00007ffe5afc2000 	C:\WINDOWS\System32\win32u.dll
0x00007ffe5b4e0000 - 0x00007ffe5b50b000 	C:\WINDOWS\System32\GDI32.dll
0x00007ffe5aa60000 - 0x00007ffe5ab6d000 	C:\WINDOWS\System32\gdi32full.dll
0x00007ffe41070000 - 0x00007ffe4130a000 	C:\WINDOWS\WinSxS\amd64_microsoft.windows.common-controls_6595b64144ccf1df_6.0.19041.1110_none_60b5254171f9507e\COMCTL32.dll
0x00007ffe5a700000 - 0x00007ffe5a79d000 	C:\WINDOWS\System32\msvcp_win.dll
0x00007ffe5b770000 - 0x00007ffe5b80e000 	C:\WINDOWS\System32\msvcrt.dll
0x00007ffe5c630000 - 0x00007ffe5c660000 	C:\WINDOWS\System32\IMM32.DLL
0x00007ffe55810000 - 0x00007ffe5581c000 	C:\JAVA\microsoft-jdk-17.0.1.12.1-windows-x64\jdk-17.0.1+12\bin\vcruntime140_1.dll
0x00007ffe544f0000 - 0x00007ffe5457d000 	C:\JAVA\microsoft-jdk-17.0.1.12.1-windows-x64\jdk-17.0.1+12\bin\msvcp140.dll
0x00007ffe1c5e0000 - 0x00007ffe1d239000 	C:\JAVA\microsoft-jdk-17.0.1.12.1-windows-x64\jdk-17.0.1+12\bin\server\jvm.dll
0x00007ffe5b430000 - 0x00007ffe5b4dc000 	C:\WINDOWS\System32\ADVAPI32.dll
0x00007ffe5b030000 - 0x00007ffe5b0cb000 	C:\WINDOWS\System32\sechost.dll
0x00007ffe5bcc0000 - 0x00007ffe5bdea000 	C:\WINDOWS\System32\RPCRT4.dll
0x00007ffe5b760000 - 0x00007ffe5b768000 	C:\WINDOWS\System32\PSAPI.DLL
0x00007ffe58300000 - 0x00007ffe58327000 	C:\WINDOWS\SYSTEM32\WINMM.dll
0x00007ffe543b0000 - 0x00007ffe543ba000 	C:\WINDOWS\SYSTEM32\VERSION.dll
0x00007ffe46e50000 - 0x00007ffe46e59000 	C:\WINDOWS\SYSTEM32\WSOCK32.dll
0x00007ffe5b880000 - 0x00007ffe5b8eb000 	C:\WINDOWS\System32\WS2_32.dll
0x00007ffe58f20000 - 0x00007ffe58f32000 	C:\WINDOWS\SYSTEM32\kernel.appcore.dll
0x00007ffe54fd0000 - 0x00007ffe54fda000 	C:\JAVA\microsoft-jdk-17.0.1.12.1-windows-x64\jdk-17.0.1+12\bin\jimage.dll
0x00007ffe58d10000 - 0x00007ffe58ef4000 	C:\WINDOWS\SYSTEM32\DBGHELP.DLL
0x00007ffe4e330000 - 0x00007ffe4e35c000 	C:\WINDOWS\SYSTEM32\dbgcore.DLL
0x00007ffe5a8d0000 - 0x00007ffe5a953000 	C:\WINDOWS\System32\bcryptPrimitives.dll
0x00007ffe54180000 - 0x00007ffe5418e000 	C:\JAVA\microsoft-jdk-17.0.1.12.1-windows-x64\jdk-17.0.1+12\bin\instrument.dll
0x00007ffe54190000 - 0x00007ffe541b5000 	C:\JAVA\microsoft-jdk-17.0.1.12.1-windows-x64\jdk-17.0.1+12\bin\java.dll
0x00007ffe53dd0000 - 0x00007ffe53ea6000 	C:\JAVA\microsoft-jdk-17.0.1.12.1-windows-x64\jdk-17.0.1+12\bin\svml.dll
0x00007ffe5c7a0000 - 0x00007ffe5cee4000 	C:\WINDOWS\System32\SHELL32.dll
0x00007ffe584a0000 - 0x00007ffe58c34000 	C:\WINDOWS\SYSTEM32\windows.storage.dll
0x00007ffe5b0d0000 - 0x00007ffe5b425000 	C:\WINDOWS\System32\combase.dll
0x00007ffe5a0f0000 - 0x00007ffe5a11e000 	C:\WINDOWS\SYSTEM32\Wldp.dll
0x00007ffe5b690000 - 0x00007ffe5b73d000 	C:\WINDOWS\System32\SHCORE.dll
0x00007ffe5bdf0000 - 0x00007ffe5be45000 	C:\WINDOWS\System32\shlwapi.dll
0x00007ffe5a5e0000 - 0x00007ffe5a5ff000 	C:\WINDOWS\SYSTEM32\profapi.dll
0x00007ffe54070000 - 0x00007ffe54088000 	C:\JAVA\microsoft-jdk-17.0.1.12.1-windows-x64\jdk-17.0.1+12\bin\zip.dll
0x00007ffe54160000 - 0x00007ffe54179000 	C:\JAVA\microsoft-jdk-17.0.1.12.1-windows-x64\jdk-17.0.1+12\bin\net.dll
0x00007ffe50f20000 - 0x00007ffe5102c000 	C:\WINDOWS\SYSTEM32\WINHTTP.dll
0x00007ffe59e50000 - 0x00007ffe59eba000 	C:\WINDOWS\system32\mswsock.dll
0x00007ffe54090000 - 0x00007ffe540a6000 	C:\JAVA\microsoft-jdk-17.0.1.12.1-windows-x64\jdk-17.0.1+12\bin\nio.dll
0x00007ffe53db0000 - 0x00007ffe53dca000 	C:\Program Files\JetBrains\IntelliJ IDEA 2021.2.2\bin\breakgen64.dll

dbghelp: loaded successfully - version: 4.0.5 - missing functions: none
symbol engine: initialized successfully - sym options: 0x614 - pdb path: .;C:\JAVA\microsoft-jdk-17.0.1.12.1-windows-x64\jdk-17.0.1+12\bin;C:\WINDOWS\SYSTEM32;C:\WINDOWS\WinSxS\amd64_microsoft.windows.common-controls_6595b64144ccf1df_6.0.19041.1110_none_60b5254171f9507e;C:\JAVA\microsoft-jdk-17.0.1.12.1-windows-x64\jdk-17.0.1+12\bin\server;C:\Program Files\JetBrains\IntelliJ IDEA 2021.2.2\bin

VM Arguments:
jvm_args: -javaagent:C:\Program Files\JetBrains\IntelliJ IDEA 2021.2.2\lib\idea_rt.jar=52202:C:\Program Files\JetBrains\IntelliJ IDEA 2021.2.2\bin -Dfile.encoding=UTF-8 
java_command: yangTest
java_class_path (initial): C:\Users\86136\IdeaProjects\Library\Library\target\classes;C:\javaweb_jar\apache-maven-3.8.3\repository\jstl\jstl\1.2\jstl-1.2.jar;C:\javaweb_jar\apache-maven-3.8.3\repository\commons-io\commons-io\2.2\commons-io-2.2.jar;C:\javaweb_jar\apache-maven-3.8.3\repository\com\alibaba\fastjson\1.2.78\fastjson-1.2.78.jar;C:\javaweb_jar\apache-maven-3.8.3\repository\mysql\mysql-connector-java\8.0.27\mysql-connector-java-8.0.27.jar;C:\javaweb_jar\apache-maven-3.8.3\repository\com\google\protobuf\protobuf-java\3.11.4\protobuf-java-3.11.4.jar;C:\javaweb_jar\apache-maven-3.8.3\repository\org\mybatis\mybatis\3.5.7\mybatis-3.5.7.jar
Launcher Type: SUN_STANDARD

[Global flags]
     intx CICompilerCount                          = 4                                         {product} {ergonomic}
     uint ConcGCThreads                            = 2                                         {product} {ergonomic}
     uint G1ConcRefinementThreads                  = 8                                         {product} {ergonomic}
   size_t G1HeapRegionSize                         = 1048576                                   {product} {ergonomic}
    uintx GCDrainStackTargetSize                   = 64                                        {product} {ergonomic}
   size_t InitialHeapSize                          = 134217728                                 {product} {ergonomic}
   size_t MarkStackSize                            = 4194304                                   {product} {ergonomic}
   size_t MaxHeapSize                              = 2122317824                                {product} {ergonomic}
   size_t MaxNewSize                               = 1272971264                                {product} {ergonomic}
   size_t MinHeapDeltaBytes                        = 1048576                                   {product} {ergonomic}
   size_t MinHeapSize                              = 8388608                                   {product} {ergonomic}
    uintx NonNMethodCodeHeapSize                   = 5839372                                {pd product} {ergonomic}
    uintx NonProfiledCodeHeapSize                  = 122909434                              {pd product} {ergonomic}
    uintx ProfiledCodeHeapSize                     = 122909434                              {pd product} {ergonomic}
    uintx ReservedCodeCacheSize                    = 251658240                              {pd product} {ergonomic}
     bool SegmentedCodeCache                       = true                                      {product} {ergonomic}
   size_t SoftMaxHeapSize                          = 2122317824                             {manageable} {ergonomic}
     bool UseCompressedClassPointers               = true                           {product lp64_product} {ergonomic}
     bool UseCompressedOops                        = true                           {product lp64_product} {ergonomic}
     bool UseG1GC                                  = true                                      {product} {ergonomic}
     bool UseLargePagesIndividualAllocation        = false                                  {pd product} {ergonomic}

Logging:
Log output configuration:
 #0: stdout all=warning uptime,level,tags
 #1: stderr all=off uptime,level,tags

Environment Variables:
JAVA_HOME=C:\JAVA\jdk1.8.0_281
CLASSPATH=C:\JAVA\jdk1.8.0_281\lib;.;
PATH=D:\Python3.9.0\Scripts\;D:\Python3.9.0\;C:\WINDOWS\system32;C:\WINDOWS;C:\WINDOWS\System32\Wbem;C:\WINDOWS\System32\WindowsPowerShell\v1.0\;C:\WINDOWS\System32\OpenSSH\;C:\Program Files (x86)\Intel\Intel(R) Management Engine Components\DAL;C:\Program Files\Intel\Intel(R) Management Engine Components\DAL;C:\Program Files (x86)\Microsoft SQL Server\150\Tools\Binn\;C:\Program Files\Microsoft SQL Server\150\Tools\Binn\;C:\Program Files (x86)\Microsoft SQL Server\150\DTS\Binn\;C:\Program Files\Microsoft SQL Server\150\DTS\Binn\;C:\Program Files\Microsoft SQL Server\Client SDK\ODBC\170\Tools\Binn\;C:\Program Files (x86)\Microsoft SQL Server\100\Tools\Binn\;C:\Program Files\Microsoft SQL Server\100\Tools\Binn\;C:\Program Files\Microsoft SQL Server\100\DTS\Binn\;C:\Program Files\Azure Data Studio\bin;C:\Program Files\mingw-w64\x86_64-8.1.0-posix-seh-rt_v6-rev0\mingw64\bin;C:\JAVA\jdk1.8.0_281\bin;D:\Anaconda;D:\Anaconda\Scripts;D:\Anaconda\Library\mingw-w64\bin;D:\Anaconda\Library\usr\bin;D:\Anaconda\Library\bin;C:\Program Files\Microsoft SQL Server\130\Tools\Binn\;D:\MySQL\bin;C:\javaweb_jar\apache-maven-3.8.3\bin;C:\Program Files\dotnet\;C:\Users\86136\AppData\Local\Microsoft\WindowsApps;C:\Users\86136\AppData\Local\Programs\Microsoft VS Code\bin;C:\Program Files\Azure Data Studio\bin;C:\Users\86136\.dotnet\tools
USERNAME=86136
OS=Windows_NT
PROCESSOR_IDENTIFIER=Intel64 Family 6 Model 142 Stepping 10, GenuineIntel



---------------  S Y S T E M  ---------------

OS:
 Windows 10 , 64 bit Build 19041 (10.0.19041.1348)
OS uptime: 1 days 13:02 hours

CPU: total 8 (initial active 8) (4 cores per cpu, 2 threads per core) family 6 model 142 stepping 10 microcode 0xc6, cx8, cmov, fxsr, ht, mmx, 3dnowpref, sse, sse2, sse3, ssse3, sse4.1, sse4.2, popcnt, lzcnt, tsc, tscinvbit, avx, avx2, erms, clmul, bmi1, bmi2, adx, fma, vzeroupper, clflush, clflushopt

Memory: 4k page, system-wide physical 8093M (399M free)
TotalPageFile size 14237M (AvailPageFile size 3M)
current process WorkingSet (physical memory assigned to process): 68M, peak: 68M
current process commit charge ("private bytes"): 224M, peak: 224M

vm_info: OpenJDK 64-Bit Server VM (17.0.1+12-LTS) for windows-amd64 JRE (17.0.1+12-LTS), built on Oct 20 2021 22:41:43 by "" with MS VC++ 16.10 / 16.11 (VS2019)

END.
