#
# There is insufficient memory for the Java Runtime Environment to continue.
# Native memory allocation (mmap) failed to map 65536 bytes for Failed to commit metaspace.
# Possible reasons:
#   The system is out of physical RAM or swap space
#   The process is running with CompressedOops enabled, and the Java Heap may be blocking the growth of the native heap
# Possible solutions:
#   Reduce memory load on the system
#   Increase physical memory or swap space
#   Check if swap backing store is full
#   Decrease Java heap size (-Xmx/-Xms)
#   Decrease number of Java threads
#   Decrease Java thread stack sizes (-Xss)
#   Set larger code cache with -XX:ReservedCodeCacheSize=
#   JVM is running with Unscaled Compressed Oops mode in which the Java heap is
#     placed in the first 4GB address space. The Java Heap base address is the
#     maximum limit for the native heap growth. Please use -XX:HeapBaseMinAddress
#     to set the Java Heap base and to place the Java Heap above 4GB virtual address.
# This output file may be truncated or incomplete.
#
#  Out of Memory Error (virtualSpaceNode.cpp:110), pid=31724, tid=26984
#
# JRE version: OpenJDK Runtime Environment Microsoft-28056 (17.0.1+12) (build 17.0.1+12-LTS)
# Java VM: OpenJDK 64-Bit Server VM Microsoft-28056 (17.0.1+12-LTS, mixed mode, sharing, tiered, compressed oops, compressed class ptrs, g1 gc, windows-amd64)
# No core dump will be written. Minidumps are not enabled by default on client versions of Windows
#

---------------  S U M M A R Y ------------

Command Line: -javaagent:C:\Program Files\JetBrains\IntelliJ IDEA 2021.2.2\lib\idea_rt.jar=59573:C:\Program Files\JetBrains\IntelliJ IDEA 2021.2.2\bin -Dfile.encoding=UTF-8 yangTest

Host: Intel(R) Core(TM) i5-8250U CPU @ 1.60GHz, 8 cores, 7G,  Windows 10 , 64 bit Build 19041 (10.0.19041.1348)
Time: Thu Jan  6 10:12:42 2022  Windows 10 , 64 bit Build 19041 (10.0.19041.1348) elapsed time: 1.662785 seconds (0d 0h 0m 1s)

---------------  T H R E A D  ---------------

Current thread (0x00000192c8df0dc0):  JavaThread "main" [_thread_in_vm, id=26984, stack(0x0000005e13200000,0x0000005e13300000)]

Stack: [0x0000005e13200000,0x0000005e13300000]
Native frames: (J=compiled Java code, j=interpreted, Vv=VM code, C=native code)
V  [jvm.dll+0x675f8a]
V  [jvm.dll+0x830c34]
V  [jvm.dll+0x8323de]
V  [jvm.dll+0x832a43]
V  [jvm.dll+0x2454a5]
V  [jvm.dll+0x82cbdb]
V  [jvm.dll+0x61adf6]
V  [jvm.dll+0x61ae5a]
V  [jvm.dll+0x61d66a]
V  [jvm.dll+0x61b796]
V  [jvm.dll+0x239a2f]
V  [jvm.dll+0x6254a5]
V  [jvm.dll+0x1ea26b]
V  [jvm.dll+0x1ea7a5]
V  [jvm.dll+0x1eb1df]
V  [jvm.dll+0x1e0691]
V  [jvm.dll+0x53bb30]
V  [jvm.dll+0x1f0e77]
V  [jvm.dll+0x7aac5b]
V  [jvm.dll+0x7ac002]
V  [jvm.dll+0x7ac799]
V  [jvm.dll+0x1eb494]
V  [jvm.dll+0x1e06aa]
V  [jvm.dll+0x53bb30]
V  [jvm.dll+0x1f0e77]
V  [jvm.dll+0x7aac5b]
V  [jvm.dll+0x7ac002]
V  [jvm.dll+0x7ac338]
V  [jvm.dll+0x23d7be]
V  [jvm.dll+0x37e89e]
C  0x00000192d20db80d

Java frames: (J=compiled Java code, j=interpreted, Vv=VM code)
j  java.lang.constant.ClassDesc.ofDescriptor(Ljava/lang/String;)Ljava/lang/constant/ClassDesc;+69 java.base@17.0.1
j  java.lang.constant.ConstantDescs.<clinit>()V+595 java.base@17.0.1
v  ~StubRoutines::call_stub
j  java.lang.invoke.VarHandle$VarHandleDesc$Kind.<clinit>()V+7 java.base@17.0.1
v  ~StubRoutines::call_stub
j  java.lang.invoke.VarHandle$2.<clinit>()V+0 java.base@17.0.1
v  ~StubRoutines::call_stub
j  java.lang.invoke.VarHandle$AccessType.accessModeType(Ljava/lang/Class;Ljava/lang/Class;[Ljava/lang/Class;)Ljava/lang/invoke/MethodType;+0 java.base@17.0.1
j  java.lang.invoke.VarHandleByteArrayAsInts$ArrayHandle.accessModeTypeUncached(Ljava/lang/invoke/VarHandle$AccessType;)Ljava/lang/invoke/MethodType;+16 java.base@17.0.1
j  java.lang.invoke.VarHandle.accessModeTypeUncached(I)Ljava/lang/invoke/MethodType;+6 java.base@17.0.1
j  java.lang.invoke.VarHandle.accessModeType(I)Ljava/lang/invoke/MethodType;+23 java.base@17.0.1
j  java.lang.invoke.VarHandle.checkExactAccessMode(Ljava/lang/invoke/VarHandle$AccessDescriptor;)V+12 java.base@17.0.1
j  java.lang.invoke.VarHandleGuards.guard_LII_V(Ljava/lang/invoke/VarHandle;Ljava/lang/Object;IILjava/lang/invoke/VarHandle$AccessDescriptor;)V+3 java.base@17.0.1
j  sun.security.provider.ByteArrayAccess.i2bBig4(I[BI)V+6 java.base@17.0.1
j  sun.security.provider.SHA.implDigest([BI)V+60 java.base@17.0.1
j  sun.security.provider.DigestBase.engineDigest([BII)I+97 java.base@17.0.1
j  sun.security.provider.DigestBase.engineDigest()[B+12 java.base@17.0.1
j  java.security.MessageDigest$Delegate.engineDigest()[B+4 java.base@17.0.1
j  java.security.MessageDigest.digest()[B+1 java.base@17.0.1
j  java.security.MessageDigest.digest([B)[B+6 java.base@17.0.1
j  com.mysql.cj.protocol.Security.scramble411([B[B)[B+21
j  com.mysql.cj.protocol.Security.scramble411(Ljava/lang/String;[BLjava/lang/String;)[B+26
j  com.mysql.cj.protocol.a.authentication.MysqlNativePasswordPlugin.nextAuthenticationStep(Lcom/mysql/cj/protocol/a/NativePacketPayload;Ljava/util/List;)Z+77
j  com.mysql.cj.protocol.a.authentication.MysqlNativePasswordPlugin.nextAuthenticationStep(Lcom/mysql/cj/protocol/Message;Ljava/util/List;)Z+6
j  com.mysql.cj.protocol.a.NativeAuthenticationProvider.proceedHandshakeWithPluggableAuthentication(Lcom/mysql/cj/protocol/a/NativePacketPayload;)V+318
j  com.mysql.cj.protocol.a.NativeAuthenticationProvider.connect(Ljava/lang/String;Ljava/lang/String;Ljava/lang/String;)V+785
j  com.mysql.cj.protocol.a.NativeProtocol.connect(Ljava/lang/String;Ljava/lang/String;Ljava/lang/String;)V+11
j  com.mysql.cj.NativeSession.connect(Lcom/mysql/cj/conf/HostInfo;Ljava/lang/String;Ljava/lang/String;Ljava/lang/String;ILcom/mysql/cj/TransactionEventHandler;)V+110
j  com.mysql.cj.jdbc.ConnectionImpl.connectOneTryOnly(Z)V+32
j  com.mysql.cj.jdbc.ConnectionImpl.createNewIO(Z)V+27
j  com.mysql.cj.jdbc.ConnectionImpl.<init>(Lcom/mysql/cj/conf/HostInfo;)V+753
j  com.mysql.cj.jdbc.ConnectionImpl.getInstance(Lcom/mysql/cj/conf/HostInfo;)Lcom/mysql/cj/jdbc/JdbcConnection;+5
j  com.mysql.cj.jdbc.NonRegisteringDriver.connect(Ljava/lang/String;Ljava/util/Properties;)Ljava/sql/Connection;+72
j  java.sql.DriverManager.getConnection(Ljava/lang/String;Ljava/util/Properties;Ljava/lang/Class;)Ljava/sql/Connection;+131 java.sql@17.0.1
j  java.sql.DriverManager.getConnection(Ljava/lang/String;Ljava/util/Properties;)Ljava/sql/Connection;+5 java.sql@17.0.1
j  org.apache.ibatis.datasource.unpooled.UnpooledDataSource.doGetConnection(Ljava/util/Properties;)Ljava/sql/Connection;+9
j  org.apache.ibatis.datasource.unpooled.UnpooledDataSource.doGetConnection(Ljava/lang/String;Ljava/lang/String;)Ljava/sql/Connection;+49
j  org.apache.ibatis.datasource.unpooled.UnpooledDataSource.getConnection()Ljava/sql/Connection;+9
j  org.apache.ibatis.datasource.pooled.PooledDataSource.popConnection(Ljava/lang/String;Ljava/lang/String;)Lorg/apache/ibatis/datasource/pooled/PooledConnection;+138
j  org.apache.ibatis.datasource.pooled.PooledDataSource.getConnection()Ljava/sql/Connection;+15
j  org.apache.ibatis.transaction.jdbc.JdbcTransaction.openConnection()V+26
j  org.apache.ibatis.transaction.jdbc.JdbcTransaction.getConnection()Ljava/sql/Connection;+8
j  org.apache.ibatis.executor.BaseExecutor.getConnection(Lorg/apache/ibatis/logging/Log;)Ljava/sql/Connection;+4
j  org.apache.ibatis.executor.SimpleExecutor.prepareStatement(Lorg/apache/ibatis/executor/statement/StatementHandler;Lorg/apache/ibatis/logging/Log;)Ljava/sql/Statement;+2
j  org.apache.ibatis.executor.SimpleExecutor.doQuery(Lorg/apache/ibatis/mapping/MappedStatement;Ljava/lang/Object;Lorg/apache/ibatis/session/RowBounds;Lorg/apache/ibatis/session/ResultHandler;Lorg/apache/ibatis/mapping/BoundSql;)Ljava/util/List;+34
j  org.apache.ibatis.executor.BaseExecutor.queryFromDatabase(Lorg/apache/ibatis/mapping/MappedStatement;Ljava/lang/Object;Lorg/apache/ibatis/session/RowBounds;Lorg/apache/ibatis/session/ResultHandler;Lorg/apache/ibatis/cache/CacheKey;Lorg/apache/ibatis/mapping/BoundSql;)Ljava/util/List;+20
j  org.apache.ibatis.executor.BaseExecutor.query(Lorg/apache/ibatis/mapping/MappedStatement;Ljava/lang/Object;Lorg/apache/ibatis/session/RowBounds;Lorg/apache/ibatis/session/ResultHandler;Lorg/apache/ibatis/cache/CacheKey;Lorg/apache/ibatis/mapping/BoundSql;)Ljava/util/List;+119
j  org.apache.ibatis.executor.CachingExecutor.query(Lorg/apache/ibatis/mapping/MappedStatement;Ljava/lang/Object;Lorg/apache/ibatis/session/RowBounds;Lorg/apache/ibatis/session/ResultHandler;Lorg/apache/ibatis/cache/CacheKey;Lorg/apache/ibatis/mapping/BoundSql;)Ljava/util/List;+105
j  org.apache.ibatis.executor.CachingExecutor.query(Lorg/apache/ibatis/mapping/MappedStatement;Ljava/lang/Object;Lorg/apache/ibatis/session/RowBounds;Lorg/apache/ibatis/session/ResultHandler;)Ljava/util/List;+28
j  org.apache.ibatis.session.defaults.DefaultSqlSession.selectList(Ljava/lang/String;Ljava/lang/Object;Lorg/apache/ibatis/session/RowBounds;Lorg/apache/ibatis/session/ResultHandler;)Ljava/util/List;+24
j  org.apache.ibatis.session.defaults.DefaultSqlSession.selectList(Ljava/lang/String;Ljava/lang/Object;Lorg/apache/ibatis/session/RowBounds;)Ljava/util/List;+7
j  org.apache.ibatis.session.defaults.DefaultSqlSession.selectList(Ljava/lang/String;Ljava/lang/Object;)Ljava/util/List;+6
j  org.apache.ibatis.binding.MapperMethod.executeForMany(Lorg/apache/ibatis/session/SqlSession;[Ljava/lang/Object;)Ljava/lang/Object;+61
j  org.apache.ibatis.binding.MapperMethod.execute(Lorg/apache/ibatis/session/SqlSession;[Ljava/lang/Object;)Ljava/lang/Object;+191
j  org.apache.ibatis.binding.MapperProxy$PlainMethodInvoker.invoke(Ljava/lang/Object;Ljava/lang/reflect/Method;[Ljava/lang/Object;Lorg/apache/ibatis/session/SqlSession;)Ljava/lang/Object;+7
j  org.apache.ibatis.binding.MapperProxy.invoke(Ljava/lang/Object;Ljava/lang/reflect/Method;[Ljava/lang/Object;)Ljava/lang/Object;+31
j  jdk.proxy2.$Proxy4.getBorrowInfo(Ljava/lang/String;)Ljava/util/List;+16 jdk.proxy2
j  yangTest.getBorrowInfo1()V+19
j  yangTest.main([Ljava/lang/String;)V+0
v  ~StubRoutines::call_stub

---------------  P R O C E S S  ---------------

Threads class SMR info:
_java_thread_list=0x00000192e9eaf160, length=14, elements={
0x00000192c8df0dc0, 0x00000192e90c79f0, 0x00000192e90ca010, 0x00000192e90e3470,
0x00000192e90e4f40, 0x00000192e90e81a0, 0x00000192e90f0800, 0x00000192e90f1d30,
0x00000192e90f67e0, 0x00000192e90f95d0, 0x00000192e90b0400, 0x00000192e9dafbe0,
0x00000192e9db00b0, 0x00000192ea08e1c0
}

Java Threads: ( => current thread )
=>0x00000192c8df0dc0 JavaThread "main" [_thread_in_vm, id=26984, stack(0x0000005e13200000,0x0000005e13300000)]
  0x00000192e90c79f0 JavaThread "Reference Handler" daemon [_thread_blocked, id=36240, stack(0x0000005e13900000,0x0000005e13a00000)]
  0x00000192e90ca010 JavaThread "Finalizer" daemon [_thread_blocked, id=32140, stack(0x0000005e13a00000,0x0000005e13b00000)]
  0x00000192e90e3470 JavaThread "Signal Dispatcher" daemon [_thread_blocked, id=7288, stack(0x0000005e13b00000,0x0000005e13c00000)]
  0x00000192e90e4f40 JavaThread "Attach Listener" daemon [_thread_blocked, id=35272, stack(0x0000005e13c00000,0x0000005e13d00000)]
  0x00000192e90e81a0 JavaThread "Service Thread" daemon [_thread_blocked, id=35340, stack(0x0000005e13d00000,0x0000005e13e00000)]
  0x00000192e90f0800 JavaThread "Monitor Deflation Thread" daemon [_thread_blocked, id=16808, stack(0x0000005e13e00000,0x0000005e13f00000)]
  0x00000192e90f1d30 JavaThread "C2 CompilerThread0" daemon [_thread_blocked, id=36192, stack(0x0000005e13f00000,0x0000005e14000000)]
  0x00000192e90f67e0 JavaThread "C1 CompilerThread0" daemon [_thread_blocked, id=30448, stack(0x0000005e14000000,0x0000005e14100000)]
  0x00000192e90f95d0 JavaThread "Sweeper thread" daemon [_thread_blocked, id=29264, stack(0x0000005e14100000,0x0000005e14200000)]
  0x00000192e90b0400 JavaThread "Common-Cleaner" daemon [_thread_blocked, id=30844, stack(0x0000005e14200000,0x0000005e14300000)]
  0x00000192e9dafbe0 JavaThread "Monitor Ctrl-Break" daemon [_thread_in_native, id=36152, stack(0x0000005e14300000,0x0000005e14400000)]
  0x00000192e9db00b0 JavaThread "Notification Thread" daemon [_thread_blocked, id=25288, stack(0x0000005e14400000,0x0000005e14500000)]
  0x00000192ea08e1c0 JavaThread "mysql-cj-abandoned-connection-cleanup" daemon [_thread_blocked, id=36436, stack(0x0000005e14600000,0x0000005e14700000)]

Other Threads:
  0x00000192e90c1250 VMThread "VM Thread" [stack: 0x0000005e13800000,0x0000005e13900000] [id=28708]
  0x00000192c8e48fa0 WatcherThread [stack: 0x0000005e14500000,0x0000005e14600000] [id=31096]
  0x00000192c8e2db90 GCTaskThread "GC Thread#0" [stack: 0x0000005e13300000,0x0000005e13400000] [id=36268]
  0x00000192ea120870 GCTaskThread "GC Thread#1" [stack: 0x0000005e14700000,0x0000005e14800000] [id=11856]
  0x00000192ea120b20 GCTaskThread "GC Thread#2" [stack: 0x0000005e14800000,0x0000005e14900000] [id=29980]
  0x00000192ea358510 GCTaskThread "GC Thread#3" [stack: 0x0000005e14900000,0x0000005e14a00000] [id=30188]
  0x00000192ea3587c0 GCTaskThread "GC Thread#4" [stack: 0x0000005e14a00000,0x0000005e14b00000] [id=12816]
  0x00000192ea358a70 GCTaskThread "GC Thread#5" [stack: 0x0000005e14b00000,0x0000005e14c00000] [id=34764]
  0x00000192c8e3f7e0 ConcurrentGCThread "G1 Main Marker" [stack: 0x0000005e13400000,0x0000005e13500000] [id=32216]
  0x00000192c8e40990 ConcurrentGCThread "G1 Conc#0" [stack: 0x0000005e13500000,0x0000005e13600000] [id=28276]
  0x00000192c8eca0b0 ConcurrentGCThread "G1 Refine#0" [stack: 0x0000005e13600000,0x0000005e13700000] [id=31008]
  0x00000192c8ecaad0 ConcurrentGCThread "G1 Service" [stack: 0x0000005e13700000,0x0000005e13800000] [id=12164]

Threads with active compile tasks:

VM state: not at safepoint (normal execution)

VM Mutex/Monitor currently owned by a thread:  ([mutex/lock_event])
[0x00000192c8de9500] Metaspace_lock - owner thread: 0x00000192c8df0dc0

Heap address: 0x0000000081800000, size: 2024 MB, Compressed Oops mode: 32-bit

CDS archive(s) mapped at: [0x0000000800000000-0x0000000800bc0000-0x0000000800bc0000), size 12320768, SharedBaseAddress: 0x0000000800000000, ArchiveRelocationMode: 0.
Compressed class space mapped at: 0x0000000800c00000-0x0000000840c00000, reserved size: 1073741824
Narrow klass base: 0x0000000800000000, Narrow klass shift: 0, Narrow klass range: 0x100000000

GC Precious Log:
 CPUs: 8 total, 8 available
 Memory: 8093M
 Large Page Support: Disabled
 NUMA Support: Disabled
 Compressed Oops: Enabled (32-bit)
 Heap Region Size: 1M
 Heap Min Capacity: 8M
 Heap Initial Capacity: 128M
 Heap Max Capacity: 2024M
 Pre-touch: Disabled
 Parallel Workers: 8
 Concurrent Workers: 2
 Concurrent Refinement Workers: 8
 Periodic GC: Disabled

Heap:
 garbage-first heap   total 131072K, used 25664K [0x0000000081800000, 0x0000000100000000)
  region size 1024K, 26 young (26624K), 3 survivors (3072K)
 Metaspace       used 10036K, committed 10176K, reserved 1064960K
  class space    used 1093K, committed 1152K, reserved 1048576K

Heap Regions: E=young(eden), S=young(survivor), O=old, HS=humongous(starts), HC=humongous(continues), CS=collection set, F=free, OA=open archive, CA=closed archive, TAMS=top-at-mark-start (previous, next)
|   0|0x0000000081800000, 0x0000000081810000, 0x0000000081900000|  6%| O|  |TAMS 0x0000000081800000, 0x0000000081800000| Untracked 
|   1|0x0000000081900000, 0x0000000081900000, 0x0000000081a00000|  0%| F|  |TAMS 0x0000000081900000, 0x0000000081900000| Untracked 
|   2|0x0000000081a00000, 0x0000000081a00000, 0x0000000081b00000|  0%| F|  |TAMS 0x0000000081a00000, 0x0000000081a00000| Untracked 
|   3|0x0000000081b00000, 0x0000000081b00000, 0x0000000081c00000|  0%| F|  |TAMS 0x0000000081b00000, 0x0000000081b00000| Untracked 
|   4|0x0000000081c00000, 0x0000000081c00000, 0x0000000081d00000|  0%| F|  |TAMS 0x0000000081c00000, 0x0000000081c00000| Untracked 
|   5|0x0000000081d00000, 0x0000000081d00000, 0x0000000081e00000|  0%| F|  |TAMS 0x0000000081d00000, 0x0000000081d00000| Untracked 
|   6|0x0000000081e00000, 0x0000000081e00000, 0x0000000081f00000|  0%| F|  |TAMS 0x0000000081e00000, 0x0000000081e00000| Untracked 
|   7|0x0000000081f00000, 0x0000000081f00000, 0x0000000082000000|  0%| F|  |TAMS 0x0000000081f00000, 0x0000000081f00000| Untracked 
|   8|0x0000000082000000, 0x0000000082000000, 0x0000000082100000|  0%| F|  |TAMS 0x0000000082000000, 0x0000000082000000| Untracked 
|   9|0x0000000082100000, 0x0000000082100000, 0x0000000082200000|  0%| F|  |TAMS 0x0000000082100000, 0x0000000082100000| Untracked 
|  10|0x0000000082200000, 0x0000000082200000, 0x0000000082300000|  0%| F|  |TAMS 0x0000000082200000, 0x0000000082200000| Untracked 
|  11|0x0000000082300000, 0x0000000082300000, 0x0000000082400000|  0%| F|  |TAMS 0x0000000082300000, 0x0000000082300000| Untracked 
|  12|0x0000000082400000, 0x0000000082400000, 0x0000000082500000|  0%| F|  |TAMS 0x0000000082400000, 0x0000000082400000| Untracked 
|  13|0x0000000082500000, 0x0000000082500000, 0x0000000082600000|  0%| F|  |TAMS 0x0000000082500000, 0x0000000082500000| Untracked 
|  14|0x0000000082600000, 0x0000000082600000, 0x0000000082700000|  0%| F|  |TAMS 0x0000000082600000, 0x0000000082600000| Untracked 
|  15|0x0000000082700000, 0x0000000082700000, 0x0000000082800000|  0%| F|  |TAMS 0x0000000082700000, 0x0000000082700000| Untracked 
|  16|0x0000000082800000, 0x0000000082800000, 0x0000000082900000|  0%| F|  |TAMS 0x0000000082800000, 0x0000000082800000| Untracked 
|  17|0x0000000082900000, 0x0000000082900000, 0x0000000082a00000|  0%| F|  |TAMS 0x0000000082900000, 0x0000000082900000| Untracked 
|  18|0x0000000082a00000, 0x0000000082a00000, 0x0000000082b00000|  0%| F|  |TAMS 0x0000000082a00000, 0x0000000082a00000| Untracked 
|  19|0x0000000082b00000, 0x0000000082b00000, 0x0000000082c00000|  0%| F|  |TAMS 0x0000000082b00000, 0x0000000082b00000| Untracked 
|  20|0x0000000082c00000, 0x0000000082c00000, 0x0000000082d00000|  0%| F|  |TAMS 0x0000000082c00000, 0x0000000082c00000| Untracked 
|  21|0x0000000082d00000, 0x0000000082d00000, 0x0000000082e00000|  0%| F|  |TAMS 0x0000000082d00000, 0x0000000082d00000| Untracked 
|  22|0x0000000082e00000, 0x0000000082e00000, 0x0000000082f00000|  0%| F|  |TAMS 0x0000000082e00000, 0x0000000082e00000| Untracked 
|  23|0x0000000082f00000, 0x0000000082f00000, 0x0000000083000000|  0%| F|  |TAMS 0x0000000082f00000, 0x0000000082f00000| Untracked 
|  24|0x0000000083000000, 0x0000000083000000, 0x0000000083100000|  0%| F|  |TAMS 0x0000000083000000, 0x0000000083000000| Untracked 
|  25|0x0000000083100000, 0x0000000083100000, 0x0000000083200000|  0%| F|  |TAMS 0x0000000083100000, 0x0000000083100000| Untracked 
|  26|0x0000000083200000, 0x0000000083200000, 0x0000000083300000|  0%| F|  |TAMS 0x0000000083200000, 0x0000000083200000| Untracked 
|  27|0x0000000083300000, 0x0000000083300000, 0x0000000083400000|  0%| F|  |TAMS 0x0000000083300000, 0x0000000083300000| Untracked 
|  28|0x0000000083400000, 0x0000000083400000, 0x0000000083500000|  0%| F|  |TAMS 0x0000000083400000, 0x0000000083400000| Untracked 
|  29|0x0000000083500000, 0x0000000083500000, 0x0000000083600000|  0%| F|  |TAMS 0x0000000083500000, 0x0000000083500000| Untracked 
|  30|0x0000000083600000, 0x0000000083600000, 0x0000000083700000|  0%| F|  |TAMS 0x0000000083600000, 0x0000000083600000| Untracked 
|  31|0x0000000083700000, 0x0000000083700000, 0x0000000083800000|  0%| F|  |TAMS 0x0000000083700000, 0x0000000083700000| Untracked 
|  32|0x0000000083800000, 0x0000000083800000, 0x0000000083900000|  0%| F|  |TAMS 0x0000000083800000, 0x0000000083800000| Untracked 
|  33|0x0000000083900000, 0x0000000083900000, 0x0000000083a00000|  0%| F|  |TAMS 0x0000000083900000, 0x0000000083900000| Untracked 
|  34|0x0000000083a00000, 0x0000000083a00000, 0x0000000083b00000|  0%| F|  |TAMS 0x0000000083a00000, 0x0000000083a00000| Untracked 
|  35|0x0000000083b00000, 0x0000000083b00000, 0x0000000083c00000|  0%| F|  |TAMS 0x0000000083b00000, 0x0000000083b00000| Untracked 
|  36|0x0000000083c00000, 0x0000000083c00000, 0x0000000083d00000|  0%| F|  |TAMS 0x0000000083c00000, 0x0000000083c00000| Untracked 
|  37|0x0000000083d00000, 0x0000000083d00000, 0x0000000083e00000|  0%| F|  |TAMS 0x0000000083d00000, 0x0000000083d00000| Untracked 
|  38|0x0000000083e00000, 0x0000000083e00000, 0x0000000083f00000|  0%| F|  |TAMS 0x0000000083e00000, 0x0000000083e00000| Untracked 
|  39|0x0000000083f00000, 0x0000000083f00000, 0x0000000084000000|  0%| F|  |TAMS 0x0000000083f00000, 0x0000000083f00000| Untracked 
|  40|0x0000000084000000, 0x0000000084000000, 0x0000000084100000|  0%| F|  |TAMS 0x0000000084000000, 0x0000000084000000| Untracked 
|  41|0x0000000084100000, 0x0000000084100000, 0x0000000084200000|  0%| F|  |TAMS 0x0000000084100000, 0x0000000084100000| Untracked 
|  42|0x0000000084200000, 0x0000000084200000, 0x0000000084300000|  0%| F|  |TAMS 0x0000000084200000, 0x0000000084200000| Untracked 
|  43|0x0000000084300000, 0x0000000084300000, 0x0000000084400000|  0%| F|  |TAMS 0x0000000084300000, 0x0000000084300000| Untracked 
|  44|0x0000000084400000, 0x0000000084400000, 0x0000000084500000|  0%| F|  |TAMS 0x0000000084400000, 0x0000000084400000| Untracked 
|  45|0x0000000084500000, 0x0000000084500000, 0x0000000084600000|  0%| F|  |TAMS 0x0000000084500000, 0x0000000084500000| Untracked 
|  46|0x0000000084600000, 0x0000000084600000, 0x0000000084700000|  0%| F|  |TAMS 0x0000000084600000, 0x0000000084600000| Untracked 
|  47|0x0000000084700000, 0x0000000084700000, 0x0000000084800000|  0%| F|  |TAMS 0x0000000084700000, 0x0000000084700000| Untracked 
|  48|0x0000000084800000, 0x0000000084800000, 0x0000000084900000|  0%| F|  |TAMS 0x0000000084800000, 0x0000000084800000| Untracked 
|  49|0x0000000084900000, 0x0000000084900000, 0x0000000084a00000|  0%| F|  |TAMS 0x0000000084900000, 0x0000000084900000| Untracked 
|  50|0x0000000084a00000, 0x0000000084a00000, 0x0000000084b00000|  0%| F|  |TAMS 0x0000000084a00000, 0x0000000084a00000| Untracked 
|  51|0x0000000084b00000, 0x0000000084b00000, 0x0000000084c00000|  0%| F|  |TAMS 0x0000000084b00000, 0x0000000084b00000| Untracked 
|  52|0x0000000084c00000, 0x0000000084c00000, 0x0000000084d00000|  0%| F|  |TAMS 0x0000000084c00000, 0x0000000084c00000| Untracked 
|  53|0x0000000084d00000, 0x0000000084d00000, 0x0000000084e00000|  0%| F|  |TAMS 0x0000000084d00000, 0x0000000084d00000| Untracked 
|  54|0x0000000084e00000, 0x0000000084e00000, 0x0000000084f00000|  0%| F|  |TAMS 0x0000000084e00000, 0x0000000084e00000| Untracked 
|  55|0x0000000084f00000, 0x0000000084f00000, 0x0000000085000000|  0%| F|  |TAMS 0x0000000084f00000, 0x0000000084f00000| Untracked 
|  56|0x0000000085000000, 0x0000000085000000, 0x0000000085100000|  0%| F|  |TAMS 0x0000000085000000, 0x0000000085000000| Untracked 
|  57|0x0000000085100000, 0x0000000085100000, 0x0000000085200000|  0%| F|  |TAMS 0x0000000085100000, 0x0000000085100000| Untracked 
|  58|0x0000000085200000, 0x0000000085200000, 0x0000000085300000|  0%| F|  |TAMS 0x0000000085200000, 0x0000000085200000| Untracked 
|  59|0x0000000085300000, 0x0000000085300000, 0x0000000085400000|  0%| F|  |TAMS 0x0000000085300000, 0x0000000085300000| Untracked 
|  60|0x0000000085400000, 0x0000000085400000, 0x0000000085500000|  0%| F|  |TAMS 0x0000000085400000, 0x0000000085400000| Untracked 
|  61|0x0000000085500000, 0x0000000085500000, 0x0000000085600000|  0%| F|  |TAMS 0x0000000085500000, 0x0000000085500000| Untracked 
|  62|0x0000000085600000, 0x0000000085600000, 0x0000000085700000|  0%| F|  |TAMS 0x0000000085600000, 0x0000000085600000| Untracked 
|  63|0x0000000085700000, 0x0000000085700000, 0x0000000085800000|  0%| F|  |TAMS 0x0000000085700000, 0x0000000085700000| Untracked 
|  64|0x0000000085800000, 0x0000000085800000, 0x0000000085900000|  0%| F|  |TAMS 0x0000000085800000, 0x0000000085800000| Untracked 
|  65|0x0000000085900000, 0x0000000085900000, 0x0000000085a00000|  0%| F|  |TAMS 0x0000000085900000, 0x0000000085900000| Untracked 
|  66|0x0000000085a00000, 0x0000000085a00000, 0x0000000085b00000|  0%| F|  |TAMS 0x0000000085a00000, 0x0000000085a00000| Untracked 
|  67|0x0000000085b00000, 0x0000000085b00000, 0x0000000085c00000|  0%| F|  |TAMS 0x0000000085b00000, 0x0000000085b00000| Untracked 
|  68|0x0000000085c00000, 0x0000000085c00000, 0x0000000085d00000|  0%| F|  |TAMS 0x0000000085c00000, 0x0000000085c00000| Untracked 
|  69|0x0000000085d00000, 0x0000000085d00000, 0x0000000085e00000|  0%| F|  |TAMS 0x0000000085d00000, 0x0000000085d00000| Untracked 
|  70|0x0000000085e00000, 0x0000000085e00000, 0x0000000085f00000|  0%| F|  |TAMS 0x0000000085e00000, 0x0000000085e00000| Untracked 
|  71|0x0000000085f00000, 0x0000000085f00000, 0x0000000086000000|  0%| F|  |TAMS 0x0000000085f00000, 0x0000000085f00000| Untracked 
|  72|0x0000000086000000, 0x0000000086000000, 0x0000000086100000|  0%| F|  |TAMS 0x0000000086000000, 0x0000000086000000| Untracked 
|  73|0x0000000086100000, 0x0000000086100000, 0x0000000086200000|  0%| F|  |TAMS 0x0000000086100000, 0x0000000086100000| Untracked 
|  74|0x0000000086200000, 0x0000000086200000, 0x0000000086300000|  0%| F|  |TAMS 0x0000000086200000, 0x0000000086200000| Untracked 
|  75|0x0000000086300000, 0x0000000086300000, 0x0000000086400000|  0%| F|  |TAMS 0x0000000086300000, 0x0000000086300000| Untracked 
|  76|0x0000000086400000, 0x0000000086400000, 0x0000000086500000|  0%| F|  |TAMS 0x0000000086400000, 0x0000000086400000| Untracked 
|  77|0x0000000086500000, 0x0000000086500000, 0x0000000086600000|  0%| F|  |TAMS 0x0000000086500000, 0x0000000086500000| Untracked 
|  78|0x0000000086600000, 0x0000000086600000, 0x0000000086700000|  0%| F|  |TAMS 0x0000000086600000, 0x0000000086600000| Untracked 
|  79|0x0000000086700000, 0x0000000086700000, 0x0000000086800000|  0%| F|  |TAMS 0x0000000086700000, 0x0000000086700000| Untracked 
|  80|0x0000000086800000, 0x0000000086800000, 0x0000000086900000|  0%| F|  |TAMS 0x0000000086800000, 0x0000000086800000| Untracked 
|  81|0x0000000086900000, 0x0000000086900000, 0x0000000086a00000|  0%| F|  |TAMS 0x0000000086900000, 0x0000000086900000| Untracked 
|  82|0x0000000086a00000, 0x0000000086a00000, 0x0000000086b00000|  0%| F|  |TAMS 0x0000000086a00000, 0x0000000086a00000| Untracked 
|  83|0x0000000086b00000, 0x0000000086b00000, 0x0000000086c00000|  0%| F|  |TAMS 0x0000000086b00000, 0x0000000086b00000| Untracked 
|  84|0x0000000086c00000, 0x0000000086c00000, 0x0000000086d00000|  0%| F|  |TAMS 0x0000000086c00000, 0x0000000086c00000| Untracked 
|  85|0x0000000086d00000, 0x0000000086d00000, 0x0000000086e00000|  0%| F|  |TAMS 0x0000000086d00000, 0x0000000086d00000| Untracked 
|  86|0x0000000086e00000, 0x0000000086e00000, 0x0000000086f00000|  0%| F|  |TAMS 0x0000000086e00000, 0x0000000086e00000| Untracked 
|  87|0x0000000086f00000, 0x0000000086f00000, 0x0000000087000000|  0%| F|  |TAMS 0x0000000086f00000, 0x0000000086f00000| Untracked 
|  88|0x0000000087000000, 0x0000000087000000, 0x0000000087100000|  0%| F|  |TAMS 0x0000000087000000, 0x0000000087000000| Untracked 
|  89|0x0000000087100000, 0x0000000087100000, 0x0000000087200000|  0%| F|  |TAMS 0x0000000087100000, 0x0000000087100000| Untracked 
|  90|0x0000000087200000, 0x0000000087200000, 0x0000000087300000|  0%| F|  |TAMS 0x0000000087200000, 0x0000000087200000| Untracked 
|  91|0x0000000087300000, 0x0000000087300000, 0x0000000087400000|  0%| F|  |TAMS 0x0000000087300000, 0x0000000087300000| Untracked 
|  92|0x0000000087400000, 0x0000000087400000, 0x0000000087500000|  0%| F|  |TAMS 0x0000000087400000, 0x0000000087400000| Untracked 
|  93|0x0000000087500000, 0x0000000087500000, 0x0000000087600000|  0%| F|  |TAMS 0x0000000087500000, 0x0000000087500000| Untracked 
|  94|0x0000000087600000, 0x0000000087600000, 0x0000000087700000|  0%| F|  |TAMS 0x0000000087600000, 0x0000000087600000| Untracked 
|  95|0x0000000087700000, 0x0000000087700000, 0x0000000087800000|  0%| F|  |TAMS 0x0000000087700000, 0x0000000087700000| Untracked 
|  96|0x0000000087800000, 0x0000000087800000, 0x0000000087900000|  0%| F|  |TAMS 0x0000000087800000, 0x0000000087800000| Untracked 
|  97|0x0000000087900000, 0x0000000087900000, 0x0000000087a00000|  0%| F|  |TAMS 0x0000000087900000, 0x0000000087900000| Untracked 
|  98|0x0000000087a00000, 0x0000000087a00000, 0x0000000087b00000|  0%| F|  |TAMS 0x0000000087a00000, 0x0000000087a00000| Untracked 
|  99|0x0000000087b00000, 0x0000000087b00000, 0x0000000087c00000|  0%| F|  |TAMS 0x0000000087b00000, 0x0000000087b00000| Untracked 
| 100|0x0000000087c00000, 0x0000000087c00000, 0x0000000087d00000|  0%| F|  |TAMS 0x0000000087c00000, 0x0000000087c00000| Untracked 
| 101|0x0000000087d00000, 0x0000000087d00000, 0x0000000087e00000|  0%| F|  |TAMS 0x0000000087d00000, 0x0000000087d00000| Untracked 
| 102|0x0000000087e00000, 0x0000000087f00000, 0x0000000087f00000|100%| S|CS|TAMS 0x0000000087e00000, 0x0000000087e00000| Complete 
| 103|0x0000000087f00000, 0x0000000088000000, 0x0000000088000000|100%| S|CS|TAMS 0x0000000087f00000, 0x0000000087f00000| Complete 
| 104|0x0000000088000000, 0x0000000088100000, 0x0000000088100000|100%| S|CS|TAMS 0x0000000088000000, 0x0000000088000000| Complete 
| 105|0x0000000088100000, 0x0000000088200000, 0x0000000088200000|100%| E|  |TAMS 0x0000000088100000, 0x0000000088100000| Complete 
| 106|0x0000000088200000, 0x0000000088300000, 0x0000000088300000|100%| E|CS|TAMS 0x0000000088200000, 0x0000000088200000| Complete 
| 107|0x0000000088300000, 0x0000000088400000, 0x0000000088400000|100%| E|CS|TAMS 0x0000000088300000, 0x0000000088300000| Complete 
| 108|0x0000000088400000, 0x0000000088500000, 0x0000000088500000|100%| E|CS|TAMS 0x0000000088400000, 0x0000000088400000| Complete 
| 109|0x0000000088500000, 0x0000000088600000, 0x0000000088600000|100%| E|CS|TAMS 0x0000000088500000, 0x0000000088500000| Complete 
| 110|0x0000000088600000, 0x0000000088700000, 0x0000000088700000|100%| E|CS|TAMS 0x0000000088600000, 0x0000000088600000| Complete 
| 111|0x0000000088700000, 0x0000000088800000, 0x0000000088800000|100%| E|CS|TAMS 0x0000000088700000, 0x0000000088700000| Complete 
| 112|0x0000000088800000, 0x0000000088900000, 0x0000000088900000|100%| E|CS|TAMS 0x0000000088800000, 0x0000000088800000| Complete 
| 113|0x0000000088900000, 0x0000000088a00000, 0x0000000088a00000|100%| E|CS|TAMS 0x0000000088900000, 0x0000000088900000| Complete 
| 114|0x0000000088a00000, 0x0000000088b00000, 0x0000000088b00000|100%| E|CS|TAMS 0x0000000088a00000, 0x0000000088a00000| Complete 
| 115|0x0000000088b00000, 0x0000000088c00000, 0x0000000088c00000|100%| E|CS|TAMS 0x0000000088b00000, 0x0000000088b00000| Complete 
| 116|0x0000000088c00000, 0x0000000088d00000, 0x0000000088d00000|100%| E|CS|TAMS 0x0000000088c00000, 0x0000000088c00000| Complete 
| 117|0x0000000088d00000, 0x0000000088e00000, 0x0000000088e00000|100%| E|CS|TAMS 0x0000000088d00000, 0x0000000088d00000| Complete 
| 118|0x0000000088e00000, 0x0000000088f00000, 0x0000000088f00000|100%| E|CS|TAMS 0x0000000088e00000, 0x0000000088e00000| Complete 
| 119|0x0000000088f00000, 0x0000000089000000, 0x0000000089000000|100%| E|CS|TAMS 0x0000000088f00000, 0x0000000088f00000| Complete 
| 120|0x0000000089000000, 0x0000000089100000, 0x0000000089100000|100%| E|CS|TAMS 0x0000000089000000, 0x0000000089000000| Complete 
| 121|0x0000000089100000, 0x0000000089200000, 0x0000000089200000|100%| E|CS|TAMS 0x0000000089100000, 0x0000000089100000| Complete 
| 122|0x0000000089200000, 0x0000000089300000, 0x0000000089300000|100%| E|CS|TAMS 0x0000000089200000, 0x0000000089200000| Complete 
| 123|0x0000000089300000, 0x0000000089400000, 0x0000000089400000|100%| E|CS|TAMS 0x0000000089300000, 0x0000000089300000| Complete 
| 124|0x0000000089400000, 0x0000000089500000, 0x0000000089500000|100%| E|CS|TAMS 0x0000000089400000, 0x0000000089400000| Complete 
| 125|0x0000000089500000, 0x0000000089600000, 0x0000000089600000|100%| E|CS|TAMS 0x0000000089500000, 0x0000000089500000| Complete 
| 126|0x0000000089600000, 0x0000000089700000, 0x0000000089700000|100%| E|CS|TAMS 0x0000000089600000, 0x0000000089600000| Complete 
| 127|0x0000000089700000, 0x0000000089800000, 0x0000000089800000|100%| E|CS|TAMS 0x0000000089700000, 0x0000000089700000| Complete 

Card table byte_map: [0x00000192e1f20000,0x00000192e2320000] _byte_map_base: 0x00000192e1b14000

Marking Bits (Prev, Next): (CMBitMap*) 0x00000192c8e2f1b0, (CMBitMap*) 0x00000192c8e2f1f0
 Prev Bits: [0x00000192e2720000, 0x00000192e46c0000)
 Next Bits: [0x00000192e46c0000, 0x00000192e6660000)

Polling page: 0x00000192c8ed0000

Metaspace:

Usage:
  Non-class:      8.73 MB used.
      Class:      1.07 MB used.
       Both:      9.80 MB used.

Virtual space:
  Non-class space:       16.00 MB reserved,       8.81 MB ( 55%) committed,  2 nodes.
      Class space:        1.00 GB reserved,       1.12 MB ( <1%) committed,  1 nodes.
             Both:        1.02 GB reserved,       9.94 MB ( <1%) committed. 

Chunk freelists:
   Non-Class:  3.09 MB
       Class:  2.89 MB
        Both:  5.98 MB

MaxMetaspaceSize: unlimited
CompressedClassSpaceSize: 1.00 GB
Initial GC threshold: 21.00 MB
Current GC threshold: 21.00 MB
CDS: on
MetaspaceReclaimPolicy: balanced
 - commit_granule_bytes: 65536.
 - commit_granule_words: 8192.
 - virtual_space_node_default_size: 1048576.
 - enlarge_chunks_in_place: 1.
 - new_chunks_are_fully_committed: 0.
 - uncommit_free_chunks: 1.
 - use_allocation_guard: 0.
 - handle_deallocations: 1.


Internal statistics:

num_allocs_failed_limit: 0.
num_arena_births: 84.
num_arena_deaths: 0.
num_vsnodes_births: 3.
num_vsnodes_deaths: 0.
num_space_committed: 159.
num_space_uncommitted: 0.
num_chunks_returned_to_freelist: 0.
num_chunks_taken_from_freelist: 273.
num_chunk_merges: 0.
num_chunk_splits: 181.
num_chunks_enlarged: 135.
num_purges: 0.
num_inconsistent_stats: 0.

CodeHeap 'non-profiled nmethods': size=120000Kb used=444Kb max_used=444Kb free=119555Kb
 bounds [0x00000192d9b90000, 0x00000192d9e00000, 0x00000192e10c0000]
CodeHeap 'profiled nmethods': size=120000Kb used=2554Kb max_used=2554Kb free=117445Kb
 bounds [0x00000192d2660000, 0x00000192d28e0000, 0x00000192d9b90000]
CodeHeap 'non-nmethods': size=5760Kb used=1187Kb max_used=1209Kb free=4572Kb
 bounds [0x00000192d20c0000, 0x00000192d2330000, 0x00000192d2660000]
 total_blobs=1876 nmethods=1388 adapters=400
 compilation: enabled
              stopped_count=0, restarted_count=0
 full_count=0

Compilation events (20 events):
Event: 1.621 Thread 0x00000192e90f1d30 nmethod 1373 0x00000192d9bfb010 code [0x00000192d9bfb180, 0x00000192d9bfb338]
Event: 1.628 Thread 0x00000192e90f1d30 1378   !   4       java.util.concurrent.ConcurrentHashMap::putVal (432 bytes)
Event: 1.632 Thread 0x00000192e90f67e0 1380       3       jdk.internal.org.objectweb.asm.MethodWriter::visitCode (1 bytes)
Event: 1.632 Thread 0x00000192e90f67e0 nmethod 1380 0x00000192d28d5890 code [0x00000192d28d5a20, 0x00000192d28d5b38]
Event: 1.634 Thread 0x00000192e90f67e0 1381       3       jdk.internal.org.objectweb.asm.SymbolTable::addConstantFieldref (10 bytes)
Event: 1.634 Thread 0x00000192e90f67e0 nmethod 1381 0x00000192d28d5c10 code [0x00000192d28d5da0, 0x00000192d28d5ee8]
Event: 1.634 Thread 0x00000192e90f67e0 1382       3       jdk.internal.org.objectweb.asm.Type::getDescriptor (93 bytes)
Event: 1.635 Thread 0x00000192e90f67e0 nmethod 1382 0x00000192d28d5f90 code [0x00000192d28d6200, 0x00000192d28d6988]
Event: 1.648 Thread 0x00000192e90f67e0 1383       1       sun.security.util.KnownOIDs::registerNames (2 bytes)
Event: 1.649 Thread 0x00000192e90f67e0 nmethod 1383 0x00000192d9bfb410 code [0x00000192d9bfb5a0, 0x00000192d9bfb678]
Event: 1.649 Thread 0x00000192e90f67e0 1384       3       java.util.Objects::nonNull (10 bytes)
Event: 1.649 Thread 0x00000192e90f67e0 nmethod 1384 0x00000192d28d6c10 code [0x00000192d28d6da0, 0x00000192d28d6ef8]
Event: 1.650 Thread 0x00000192e90f67e0 1385       3       sun.security.util.KnownOIDs::register (349 bytes)
Event: 1.655 Thread 0x00000192e90f67e0 nmethod 1385 0x00000192d28d6f90 code [0x00000192d28d78a0, 0x00000192d28dbeb8]
Event: 1.655 Thread 0x00000192e90f67e0 1386       3       java.util.LinkedHashMap$LinkedHashIterator::nextNode (54 bytes)
Event: 1.655 Thread 0x00000192e90f67e0 nmethod 1386 0x00000192d28dd710 code [0x00000192d28dd8e0, 0x00000192d28ddc18]
Event: 1.655 Thread 0x00000192e90f67e0 1388       3       jdk.internal.org.objectweb.asm.MethodVisitor::<init> (88 bytes)
Event: 1.656 Thread 0x00000192e90f67e0 nmethod 1388 0x00000192d28ddd90 code [0x00000192d28ddfe0, 0x00000192d28de8c8]
Event: 1.656 Thread 0x00000192e90f67e0 1389       1       java.lang.reflect.Constructor::getDeclaringClass (5 bytes)
Event: 1.656 Thread 0x00000192e90f67e0 nmethod 1389 0x00000192d9bfb710 code [0x00000192d9bfb8a0, 0x00000192d9bfb978]

GC Heap History (2 events):
Event: 0.865 GC heap before
{Heap before GC invocations=0 (full 0):
 garbage-first heap   total 131072K, used 22528K [0x0000000081800000, 0x0000000100000000)
  region size 1024K, 23 young (23552K), 0 survivors (0K)
 Metaspace       used 6523K, committed 6720K, reserved 1056768K
  class space    used 737K, committed 832K, reserved 1048576K
}
Event: 0.871 GC heap after
{Heap after GC invocations=1 (full 0):
 garbage-first heap   total 131072K, used 3136K [0x0000000081800000, 0x0000000100000000)
  region size 1024K, 3 young (3072K), 3 survivors (3072K)
 Metaspace       used 6523K, committed 6720K, reserved 1056768K
  class space    used 737K, committed 832K, reserved 1048576K
}

Deoptimization events (20 events):
Event: 1.029 Thread 0x00000192c8df0dc0 Uncommon trap: trap_request=0xffffff3d fr.pc=0x00000192d9bc911c relative=0x0000000000000bbc
Event: 1.029 Thread 0x00000192c8df0dc0 Uncommon trap: reason=unstable_fused_if action=reinterpret pc=0x00000192d9bc911c method=java.util.HashMap.resize()[Ljava/util/HashMap$Node; @ 31 c2
Event: 1.029 Thread 0x00000192c8df0dc0 DEOPT PACKING pc=0x00000192d9bc911c sp=0x0000005e132fd600
Event: 1.029 Thread 0x00000192c8df0dc0 DEOPT UNPACKING pc=0x00000192d21123a3 sp=0x0000005e132fd588 mode 2
Event: 1.084 Thread 0x00000192c8df0dc0 DEOPT PACKING pc=0x00000192d26970d6 sp=0x0000005e132fb2d0
Event: 1.084 Thread 0x00000192c8df0dc0 DEOPT UNPACKING pc=0x00000192d2112b43 sp=0x0000005e132fa770 mode 0
Event: 1.084 Thread 0x00000192c8df0dc0 DEOPT PACKING pc=0x00000192d26970d6 sp=0x0000005e132fb2d0
Event: 1.084 Thread 0x00000192c8df0dc0 DEOPT UNPACKING pc=0x00000192d2112b43 sp=0x0000005e132fa770 mode 0
Event: 1.085 Thread 0x00000192c8df0dc0 DEOPT PACKING pc=0x00000192d26970d6 sp=0x0000005e132fb2d0
Event: 1.085 Thread 0x00000192c8df0dc0 DEOPT UNPACKING pc=0x00000192d2112b43 sp=0x0000005e132fa770 mode 0
Event: 1.085 Thread 0x00000192c8df0dc0 DEOPT PACKING pc=0x00000192d26970d6 sp=0x0000005e132fb2d0
Event: 1.085 Thread 0x00000192c8df0dc0 DEOPT UNPACKING pc=0x00000192d2112b43 sp=0x0000005e132fa770 mode 0
Event: 1.182 Thread 0x00000192c8df0dc0 DEOPT PACKING pc=0x00000192d28812a7 sp=0x0000005e132fbe60
Event: 1.182 Thread 0x00000192c8df0dc0 DEOPT UNPACKING pc=0x00000192d2112b43 sp=0x0000005e132fb2c0 mode 0
Event: 1.628 Thread 0x00000192c8df0dc0 DEOPT PACKING pc=0x00000192d26f28b8 sp=0x0000005e132f9e60
Event: 1.628 Thread 0x00000192c8df0dc0 DEOPT UNPACKING pc=0x00000192d2112b43 sp=0x0000005e132f9378 mode 0
Event: 1.640 Thread 0x00000192c8df0dc0 Uncommon trap: trap_request=0xffffff45 fr.pc=0x00000192d9bb4a98 relative=0x00000000000001f8
Event: 1.640 Thread 0x00000192c8df0dc0 Uncommon trap: reason=unstable_if action=reinterpret pc=0x00000192d9bb4a98 method=java.lang.String.startsWith(Ljava/lang/String;I)Z @ 1 c2
Event: 1.640 Thread 0x00000192c8df0dc0 DEOPT PACKING pc=0x00000192d9bb4a98 sp=0x0000005e132fd130
Event: 1.640 Thread 0x00000192c8df0dc0 DEOPT UNPACKING pc=0x00000192d21123a3 sp=0x0000005e132fd098 mode 2

Classes unloaded (0 events):
No events

Classes redefined (0 events):
No events

Internal exceptions (18 events):
Event: 0.177 Thread 0x00000192e9dafbe0 Exception <a 'java/lang/NoSuchMethodError'{0x0000000089404bd0}: 'java.lang.Object java.lang.invoke.DirectMethodHandle$Holder.invokeStaticInit(java.lang.Object)'> (0x0000000089404bd0) 
thrown [d:\a\1\jdk\src\hotspot\share\interpreter\linkResolver.cpp, line 766]
Event: 0.187 Thread 0x00000192e9dafbe0 Exception <a 'java/lang/NoSuchMethodError'{0x0000000089412db0}: 'void java.lang.invoke.DirectMethodHandle$Holder.invokeStatic(java.lang.Object, java.lang.Object)'> (0x0000000089412db0) 
thrown [d:\a\1\jdk\src\hotspot\share\interpreter\linkResolver.cpp, line 766]
Event: 0.422 Thread 0x00000192c8df0dc0 Exception <a 'java/lang/NoSuchMethodError'{0x000000008915e0e0}: 'java.lang.Object java.lang.invoke.DirectMethodHandle$Holder.invokeInterface(java.lang.Object, java.lang.Object, java.lang.Object)'> (0x000000008915e0e0) 
thrown [d:\a\1\jdk\src\hotspot\share\interpreter\linkResolver.cpp, line 766]
Event: 0.476 Thread 0x00000192c8df0dc0 Exception <a 'java/lang/NoSuchMethodError'{0x0000000089092a18}: 'void java.lang.invoke.DirectMethodHandle$Holder.invokeSpecial(java.lang.Object, java.lang.Object, java.lang.Object)'> (0x0000000089092a18) 
thrown [d:\a\1\jdk\src\hotspot\share\interpreter\linkResolver.cpp, line 766]
Event: 0.544 Thread 0x00000192c8df0dc0 Exception <a 'java/lang/NoSuchMethodError'{0x0000000088de46a8}: 'void java.lang.invoke.DirectMethodHandle$Holder.invokeStaticInit(java.lang.Object)'> (0x0000000088de46a8) 
thrown [d:\a\1\jdk\src\hotspot\share\interpreter\linkResolver.cpp, line 766]
Event: 0.546 Thread 0x00000192c8df0dc0 Exception <a 'java/lang/NoClassDefFoundError'{0x0000000088dea3f8}: org/slf4j/LoggerFactory> (0x0000000088dea3f8) 
thrown [d:\a\1\jdk\src\hotspot\share\classfile\systemDictionary.cpp, line 245]
Event: 0.546 Thread 0x00000192c8df0dc0 Exception <a 'java/lang/reflect/InvocationTargetException'{0x0000000088dea6c8}> (0x0000000088dea6c8) 
thrown [d:\a\1\jdk\src\hotspot\share\runtime\reflection.cpp, line 1121]
Event: 0.547 Thread 0x00000192c8df0dc0 Exception <a 'java/lang/NoClassDefFoundError'{0x0000000088ded9d0}: org/apache/commons/logging/LogFactory> (0x0000000088ded9d0) 
thrown [d:\a\1\jdk\src\hotspot\share\classfile\systemDictionary.cpp, line 245]
Event: 0.547 Thread 0x00000192c8df0dc0 Exception <a 'java/lang/reflect/InvocationTargetException'{0x0000000088dedca0}> (0x0000000088dedca0) 
thrown [d:\a\1\jdk\src\hotspot\share\runtime\reflection.cpp, line 1121]
Event: 0.548 Thread 0x00000192c8df0dc0 Exception <a 'java/lang/NoClassDefFoundError'{0x0000000088df0ed0}: org/apache/logging/log4j/LogManager> (0x0000000088df0ed0) 
thrown [d:\a\1\jdk\src\hotspot\share\classfile\systemDictionary.cpp, line 245]
Event: 0.548 Thread 0x00000192c8df0dc0 Exception <a 'java/lang/reflect/InvocationTargetException'{0x0000000088df11a0}> (0x0000000088df11a0) 
thrown [d:\a\1\jdk\src\hotspot\share\runtime\reflection.cpp, line 1121]
Event: 0.549 Thread 0x00000192c8df0dc0 Exception <a 'java/lang/NoClassDefFoundError'{0x0000000088df4220}: org/apache/log4j/Priority> (0x0000000088df4220) 
thrown [d:\a\1\jdk\src\hotspot\share\classfile\systemDictionary.cpp, line 245]
Event: 0.583 Thread 0x00000192c8df0dc0 Implicit null exception at 0x00000192d9bc05d5 to 0x00000192d9bc0be8
Event: 0.794 Thread 0x00000192c8df0dc0 Exception <a 'java/lang/NoSuchMethodError'{0x000000008847fff8}: 'void java.lang.invoke.DirectMethodHandle$Holder.invokeStatic(java.lang.Object, java.lang.Object, java.lang.Object)'> (0x000000008847fff8) 
thrown [d:\a\1\jdk\src\hotspot\share\interpreter\linkResolver.cpp, line 766]
Event: 0.835 Thread 0x00000192c8df0dc0 Exception <a 'java/lang/NoSuchMethodError'{0x00000000883a4f48}: 'java.lang.Object java.lang.invoke.DirectMethodHandle$Holder.newInvokeSpecial(java.lang.Object, java.lang.Object, java.lang.Object, java.lang.Object, java.lang.Object)'> (0x00000000883a4f48) 
thrown [d:\a\1\jdk\src\hotspot\share\interpreter\linkResolver.cpp, line 766]
Event: 0.850 Thread 0x00000192c8df0dc0 Exception <a 'java/lang/NoSuchMethodError'{0x00000000883dc408}: 'void java.lang.invoke.DirectMethodHandle$Holder.invokeSpecial(java.lang.Object, java.lang.Object, java.lang.Object, java.lang.Object, java.lang.Object, java.lang.Object)'> (0x00000000883dc408) 
thrown [d:\a\1\jdk\src\hotspot\share\interpreter\linkResolver.cpp, line 766]
Event: 1.063 Thread 0x00000192c8df0dc0 Exception <a 'java/lang/NoSuchMethodError'{0x00000000887cf590}: 'java.lang.Object java.lang.invoke.DirectMethodHandle$Holder.invokeInterface(java.lang.Object, java.lang.Object)'> (0x00000000887cf590) 
thrown [d:\a\1\jdk\src\hotspot\share\interpreter\linkResolver.cpp, line 766]
Event: 1.096 Thread 0x00000192c8df0dc0 Exception <a 'java/lang/NoSuchMethodError'{0x000000008865dbc0}: 'java.lang.Object java.lang.invoke.DirectMethodHandle$Holder.invokeVirtual(java.lang.Object, java.lang.Object, java.lang.Object)'> (0x000000008865dbc0) 
thrown [d:\a\1\jdk\src\hotspot\share\interpreter\linkResolver.cpp, line 766]

VM Operations (16 events):
Event: 0.107 Executing VM operation: HandshakeAllThreads
Event: 0.107 Executing VM operation: HandshakeAllThreads done
Event: 0.175 Executing VM operation: HandshakeAllThreads
Event: 0.175 Executing VM operation: HandshakeAllThreads done
Event: 0.393 Executing VM operation: HandshakeAllThreads
Event: 0.393 Executing VM operation: HandshakeAllThreads done
Event: 0.535 Executing VM operation: HandshakeAllThreads
Event: 0.535 Executing VM operation: HandshakeAllThreads done
Event: 0.578 Executing VM operation: HandshakeAllThreads
Event: 0.578 Executing VM operation: HandshakeAllThreads done
Event: 0.865 Executing VM operation: G1CollectForAllocation
Event: 0.871 Executing VM operation: G1CollectForAllocation done
Event: 1.024 Executing VM operation: HandshakeAllThreads
Event: 1.024 Executing VM operation: HandshakeAllThreads done
Event: 1.628 Executing VM operation: HandshakeAllThreads
Event: 1.628 Executing VM operation: HandshakeAllThreads done

Events (20 events):
Event: 1.657 loading class java/lang/constant/DirectMethodHandleDesc$Kind
Event: 1.657 loading class java/lang/constant/DirectMethodHandleDesc$Kind done
Event: 1.657 loading class java/lang/constant/MethodTypeDesc
Event: 1.657 loading class java/lang/constant/MethodTypeDesc done
Event: 1.657 loading class java/lang/constant/MethodTypeDescImpl
Event: 1.657 loading class java/lang/constant/MethodTypeDescImpl done
Event: 1.657 loading class java/lang/constant/MethodHandleDesc
Event: 1.657 loading class java/lang/constant/MethodHandleDesc done
Event: 1.657 loading class java/lang/constant/MethodHandleDesc$1
Event: 1.657 loading class java/lang/constant/MethodHandleDesc$1 done
Event: 1.657 loading class java/lang/constant/DirectMethodHandleDescImpl
Event: 1.657 loading class java/lang/constant/DirectMethodHandleDesc
Event: 1.658 loading class java/lang/constant/DirectMethodHandleDesc done
Event: 1.658 loading class java/lang/constant/DirectMethodHandleDescImpl done
Event: 1.658 loading class java/lang/constant/DirectMethodHandleDescImpl$1
Event: 1.658 loading class java/lang/constant/DirectMethodHandleDescImpl$1 done
Event: 1.658 loading class java/lang/constant/DirectMethodHandleDesc$1
Event: 1.658 loading class java/lang/constant/DirectMethodHandleDesc$1 done
Event: 1.658 loading class java/lang/constant/PrimitiveClassDescImpl
Event: 1.658 loading class java/lang/constant/DynamicConstantDesc


Dynamic libraries:
0x00007ff7cc730000 - 0x00007ff7cc73e000 	C:\JAVA\microsoft-jdk-17.0.1.12.1-windows-x64\jdk-17.0.1+12\bin\java.exe
0x00007ffe5cf90000 - 0x00007ffe5d185000 	C:\WINDOWS\SYSTEM32\ntdll.dll
0x00007ffe5c660000 - 0x00007ffe5c71e000 	C:\WINDOWS\System32\KERNEL32.DLL
0x00007ffe5ab70000 - 0x00007ffe5ae38000 	C:\WINDOWS\System32\KERNELBASE.dll
0x00007ffe5a960000 - 0x00007ffe5aa60000 	C:\WINDOWS\System32\ucrtbase.dll
0x00007ffe545d0000 - 0x00007ffe545eb000 	C:\JAVA\microsoft-jdk-17.0.1.12.1-windows-x64\jdk-17.0.1+12\bin\VCRUNTIME140.dll
0x00007ffe545f0000 - 0x00007ffe54608000 	C:\JAVA\microsoft-jdk-17.0.1.12.1-windows-x64\jdk-17.0.1+12\bin\jli.dll
0x00007ffe5c480000 - 0x00007ffe5c621000 	C:\WINDOWS\System32\USER32.dll
0x00007ffe5afa0000 - 0x00007ffe5afc2000 	C:\WINDOWS\System32\win32u.dll
0x00007ffe5b4e0000 - 0x00007ffe5b50b000 	C:\WINDOWS\System32\GDI32.dll
0x00007ffe41070000 - 0x00007ffe4130a000 	C:\WINDOWS\WinSxS\amd64_microsoft.windows.common-controls_6595b64144ccf1df_6.0.19041.1110_none_60b5254171f9507e\COMCTL32.dll
0x00007ffe5aa60000 - 0x00007ffe5ab6d000 	C:\WINDOWS\System32\gdi32full.dll
0x00007ffe5b770000 - 0x00007ffe5b80e000 	C:\WINDOWS\System32\msvcrt.dll
0x00007ffe5a700000 - 0x00007ffe5a79d000 	C:\WINDOWS\System32\msvcp_win.dll
0x00007ffe5c630000 - 0x00007ffe5c660000 	C:\WINDOWS\System32\IMM32.DLL
0x00007ffe55810000 - 0x00007ffe5581c000 	C:\JAVA\microsoft-jdk-17.0.1.12.1-windows-x64\jdk-17.0.1+12\bin\vcruntime140_1.dll
0x00007ffe54510000 - 0x00007ffe5459d000 	C:\JAVA\microsoft-jdk-17.0.1.12.1-windows-x64\jdk-17.0.1+12\bin\msvcp140.dll
0x00007ffe22fa0000 - 0x00007ffe23bf9000 	C:\JAVA\microsoft-jdk-17.0.1.12.1-windows-x64\jdk-17.0.1+12\bin\server\jvm.dll
0x00007ffe5b430000 - 0x00007ffe5b4dc000 	C:\WINDOWS\System32\ADVAPI32.dll
0x00007ffe5b030000 - 0x00007ffe5b0cb000 	C:\WINDOWS\System32\sechost.dll
0x00007ffe5bcc0000 - 0x00007ffe5bdea000 	C:\WINDOWS\System32\RPCRT4.dll
0x00007ffe5b760000 - 0x00007ffe5b768000 	C:\WINDOWS\System32\PSAPI.DLL
0x00007ffe543b0000 - 0x00007ffe543ba000 	C:\WINDOWS\SYSTEM32\VERSION.dll
0x00007ffe58300000 - 0x00007ffe58327000 	C:\WINDOWS\SYSTEM32\WINMM.dll
0x00007ffe46e50000 - 0x00007ffe46e59000 	C:\WINDOWS\SYSTEM32\WSOCK32.dll
0x00007ffe5b880000 - 0x00007ffe5b8eb000 	C:\WINDOWS\System32\WS2_32.dll
0x00007ffe58f20000 - 0x00007ffe58f32000 	C:\WINDOWS\SYSTEM32\kernel.appcore.dll
0x00007ffe54fd0000 - 0x00007ffe54fda000 	C:\JAVA\microsoft-jdk-17.0.1.12.1-windows-x64\jdk-17.0.1+12\bin\jimage.dll
0x00007ffe58d10000 - 0x00007ffe58ef4000 	C:\WINDOWS\SYSTEM32\DBGHELP.DLL
0x00007ffe4e330000 - 0x00007ffe4e35c000 	C:\WINDOWS\SYSTEM32\dbgcore.DLL
0x00007ffe5a8d0000 - 0x00007ffe5a953000 	C:\WINDOWS\System32\bcryptPrimitives.dll
0x00007ffe541a0000 - 0x00007ffe541ae000 	C:\JAVA\microsoft-jdk-17.0.1.12.1-windows-x64\jdk-17.0.1+12\bin\instrument.dll
0x00007ffe544e0000 - 0x00007ffe54505000 	C:\JAVA\microsoft-jdk-17.0.1.12.1-windows-x64\jdk-17.0.1+12\bin\java.dll
0x00007ffe53dd0000 - 0x00007ffe53ea6000 	C:\JAVA\microsoft-jdk-17.0.1.12.1-windows-x64\jdk-17.0.1+12\bin\svml.dll
0x00007ffe5c7a0000 - 0x00007ffe5cee4000 	C:\WINDOWS\System32\SHELL32.dll
0x00007ffe584a0000 - 0x00007ffe58c34000 	C:\WINDOWS\SYSTEM32\windows.storage.dll
0x00007ffe5b0d0000 - 0x00007ffe5b425000 	C:\WINDOWS\System32\combase.dll
0x00007ffe5a0f0000 - 0x00007ffe5a11e000 	C:\WINDOWS\SYSTEM32\Wldp.dll
0x00007ffe5b690000 - 0x00007ffe5b73d000 	C:\WINDOWS\System32\SHCORE.dll
0x00007ffe5bdf0000 - 0x00007ffe5be45000 	C:\WINDOWS\System32\shlwapi.dll
0x00007ffe5a5e0000 - 0x00007ffe5a5ff000 	C:\WINDOWS\SYSTEM32\profapi.dll
0x00007ffe54140000 - 0x00007ffe54158000 	C:\JAVA\microsoft-jdk-17.0.1.12.1-windows-x64\jdk-17.0.1+12\bin\zip.dll
0x00007ffe54180000 - 0x00007ffe54199000 	C:\JAVA\microsoft-jdk-17.0.1.12.1-windows-x64\jdk-17.0.1+12\bin\net.dll
0x00007ffe50f20000 - 0x00007ffe5102c000 	C:\WINDOWS\SYSTEM32\WINHTTP.dll
0x00007ffe59e50000 - 0x00007ffe59eba000 	C:\WINDOWS\system32\mswsock.dll
0x00007ffe54160000 - 0x00007ffe54176000 	C:\JAVA\microsoft-jdk-17.0.1.12.1-windows-x64\jdk-17.0.1+12\bin\nio.dll
0x00007ffe54080000 - 0x00007ffe5409a000 	C:\Program Files\JetBrains\IntelliJ IDEA 2021.2.2\bin\breakgen64.dll

dbghelp: loaded successfully - version: 4.0.5 - missing functions: none
symbol engine: initialized successfully - sym options: 0x614 - pdb path: .;C:\JAVA\microsoft-jdk-17.0.1.12.1-windows-x64\jdk-17.0.1+12\bin;C:\WINDOWS\SYSTEM32;C:\WINDOWS\WinSxS\amd64_microsoft.windows.common-controls_6595b64144ccf1df_6.0.19041.1110_none_60b5254171f9507e;C:\JAVA\microsoft-jdk-17.0.1.12.1-windows-x64\jdk-17.0.1+12\bin\server;C:\Program Files\JetBrains\IntelliJ IDEA 2021.2.2\bin

VM Arguments:
jvm_args: -javaagent:C:\Program Files\JetBrains\IntelliJ IDEA 2021.2.2\lib\idea_rt.jar=59573:C:\Program Files\JetBrains\IntelliJ IDEA 2021.2.2\bin -Dfile.encoding=UTF-8 
java_command: yangTest
java_class_path (initial): C:\Users\86136\IdeaProjects\Library\Library\target\classes;C:\javaweb_jar\apache-maven-3.8.3\repository\jstl\jstl\1.2\jstl-1.2.jar;C:\javaweb_jar\apache-maven-3.8.3\repository\commons-io\commons-io\2.2\commons-io-2.2.jar;C:\javaweb_jar\apache-maven-3.8.3\repository\com\alibaba\fastjson\1.2.78\fastjson-1.2.78.jar;C:\javaweb_jar\apache-maven-3.8.3\repository\mysql\mysql-connector-java\8.0.27\mysql-connector-java-8.0.27.jar;C:\javaweb_jar\apache-maven-3.8.3\repository\com\google\protobuf\protobuf-java\3.11.4\protobuf-java-3.11.4.jar;C:\javaweb_jar\apache-maven-3.8.3\repository\org\mybatis\mybatis\3.5.7\mybatis-3.5.7.jar
Launcher Type: SUN_STANDARD

[Global flags]
     intx CICompilerCount                          = 4                                         {product} {ergonomic}
     uint ConcGCThreads                            = 2                                         {product} {ergonomic}
     uint G1ConcRefinementThreads                  = 8                                         {product} {ergonomic}
   size_t G1HeapRegionSize                         = 1048576                                   {product} {ergonomic}
    uintx GCDrainStackTargetSize                   = 64                                        {product} {ergonomic}
   size_t InitialHeapSize                          = 134217728                                 {product} {ergonomic}
   size_t MarkStackSize                            = 4194304                                   {product} {ergonomic}
   size_t MaxHeapSize                              = 2122317824                                {product} {ergonomic}
   size_t MaxNewSize                               = 1272971264                                {product} {ergonomic}
   size_t MinHeapDeltaBytes                        = 1048576                                   {product} {ergonomic}
   size_t MinHeapSize                              = 8388608                                   {product} {ergonomic}
    uintx NonNMethodCodeHeapSize                   = 5839372                                {pd product} {ergonomic}
    uintx NonProfiledCodeHeapSize                  = 122909434                              {pd product} {ergonomic}
    uintx ProfiledCodeHeapSize                     = 122909434                              {pd product} {ergonomic}
    uintx ReservedCodeCacheSize                    = 251658240                              {pd product} {ergonomic}
     bool SegmentedCodeCache                       = true                                      {product} {ergonomic}
   size_t SoftMaxHeapSize                          = 2122317824                             {manageable} {ergonomic}
     bool UseCompressedClassPointers               = true                           {product lp64_product} {ergonomic}
     bool UseCompressedOops                        = true                           {product lp64_product} {ergonomic}
     bool UseG1GC                                  = true                                      {product} {ergonomic}
     bool UseLargePagesIndividualAllocation        = false                                  {pd product} {ergonomic}

Logging:
Log output configuration:
 #0: stdout all=warning uptime,level,tags
 #1: stderr all=off uptime,level,tags

Environment Variables:
JAVA_HOME=C:\JAVA\jdk1.8.0_281
CLASSPATH=C:\JAVA\jdk1.8.0_281\lib;.;
PATH=D:\Python3.9.0\Scripts\;D:\Python3.9.0\;C:\WINDOWS\system32;C:\WINDOWS;C:\WINDOWS\System32\Wbem;C:\WINDOWS\System32\WindowsPowerShell\v1.0\;C:\WINDOWS\System32\OpenSSH\;C:\Program Files (x86)\Intel\Intel(R) Management Engine Components\DAL;C:\Program Files\Intel\Intel(R) Management Engine Components\DAL;C:\Program Files (x86)\Microsoft SQL Server\150\Tools\Binn\;C:\Program Files\Microsoft SQL Server\150\Tools\Binn\;C:\Program Files (x86)\Microsoft SQL Server\150\DTS\Binn\;C:\Program Files\Microsoft SQL Server\150\DTS\Binn\;C:\Program Files\Microsoft SQL Server\Client SDK\ODBC\170\Tools\Binn\;C:\Program Files (x86)\Microsoft SQL Server\100\Tools\Binn\;C:\Program Files\Microsoft SQL Server\100\Tools\Binn\;C:\Program Files\Microsoft SQL Server\100\DTS\Binn\;C:\Program Files\Azure Data Studio\bin;C:\Program Files\mingw-w64\x86_64-8.1.0-posix-seh-rt_v6-rev0\mingw64\bin;C:\JAVA\jdk1.8.0_281\bin;D:\Anaconda;D:\Anaconda\Scripts;D:\Anaconda\Library\mingw-w64\bin;D:\Anaconda\Library\usr\bin;D:\Anaconda\Library\bin;C:\Program Files\Microsoft SQL Server\130\Tools\Binn\;D:\MySQL\bin;C:\javaweb_jar\apache-maven-3.8.3\bin;C:\Program Files\dotnet\;C:\Users\86136\AppData\Local\Microsoft\WindowsApps;C:\Users\86136\AppData\Local\Programs\Microsoft VS Code\bin;C:\Program Files\Azure Data Studio\bin;C:\Users\86136\.dotnet\tools
USERNAME=86136
OS=Windows_NT
PROCESSOR_IDENTIFIER=Intel64 Family 6 Model 142 Stepping 10, GenuineIntel



---------------  S Y S T E M  ---------------

OS:
 Windows 10 , 64 bit Build 19041 (10.0.19041.1348)
OS uptime: 2 days 1:19 hours

CPU: total 8 (initial active 8) (4 cores per cpu, 2 threads per core) family 6 model 142 stepping 10 microcode 0xc6, cx8, cmov, fxsr, ht, mmx, 3dnowpref, sse, sse2, sse3, ssse3, sse4.1, sse4.2, popcnt, lzcnt, tsc, tscinvbit, avx, avx2, erms, clmul, bmi1, bmi2, adx, fma, vzeroupper, clflush, clflushopt

Memory: 4k page, system-wide physical 8093M (389M free)
TotalPageFile size 14237M (AvailPageFile size 234M)
current process WorkingSet (physical memory assigned to process): 81M, peak: 81M
current process commit charge ("private bytes"): 228M, peak: 228M

vm_info: OpenJDK 64-Bit Server VM (17.0.1+12-LTS) for windows-amd64 JRE (17.0.1+12-LTS), built on Oct 20 2021 22:41:43 by "" with MS VC++ 16.10 / 16.11 (VS2019)

END.
